**************************************************
Report         : passing_points

Reference      : r:/WORK/SYS_TOP
Implementation : i:/WORK/SYS_TOP
Version        : L-2016.03-SP1
Date           : Mon Sep 29 21:16:07 2025
**************************************************

334 Passing compare points:

  Ref  DFF        r:/WORK/SYS_TOP/ALU_dut/ALU_OUT_reg[0]
  Impl DFF        i:/WORK/SYS_TOP/ALU_dut/ALU_OUT_reg[0]

  Ref  DFF        r:/WORK/SYS_TOP/ALU_dut/ALU_OUT_reg[1]
  Impl DFF        i:/WORK/SYS_TOP/ALU_dut/ALU_OUT_reg[1]

  Ref  DFF        r:/WORK/SYS_TOP/ALU_dut/ALU_OUT_reg[2]
  Impl DFF        i:/WORK/SYS_TOP/ALU_dut/ALU_OUT_reg[2]

  Ref  DFF        r:/WORK/SYS_TOP/ALU_dut/ALU_OUT_reg[3]
  Impl DFF        i:/WORK/SYS_TOP/ALU_dut/ALU_OUT_reg[3]

  Ref  DFF        r:/WORK/SYS_TOP/ALU_dut/ALU_OUT_reg[4]
  Impl DFF        i:/WORK/SYS_TOP/ALU_dut/ALU_OUT_reg[4]

  Ref  DFF        r:/WORK/SYS_TOP/ALU_dut/ALU_OUT_reg[5]
  Impl DFF        i:/WORK/SYS_TOP/ALU_dut/ALU_OUT_reg[5]

  Ref  DFF        r:/WORK/SYS_TOP/ALU_dut/ALU_OUT_reg[6]
  Impl DFF        i:/WORK/SYS_TOP/ALU_dut/ALU_OUT_reg[6]

  Ref  DFF        r:/WORK/SYS_TOP/ALU_dut/ALU_OUT_reg[7]
  Impl DFF        i:/WORK/SYS_TOP/ALU_dut/ALU_OUT_reg[7]

  Ref  DFF        r:/WORK/SYS_TOP/ALU_dut/OUT_VALID_reg
  Impl DFF        i:/WORK/SYS_TOP/ALU_dut/OUT_VALID_reg

  Ref  DFF        r:/WORK/SYS_TOP/DATA_SYNC_dut/chain_reg[0]
  Impl DFF        i:/WORK/SYS_TOP/DATA_SYNC_dut/chain_reg[0]

  Ref  DFF        r:/WORK/SYS_TOP/DATA_SYNC_dut/chain_reg[1]
  Impl DFF        i:/WORK/SYS_TOP/DATA_SYNC_dut/chain_reg[1]

  Ref  DFF        r:/WORK/SYS_TOP/DATA_SYNC_dut/pulse_flop_reg
  Impl DFF        i:/WORK/SYS_TOP/DATA_SYNC_dut/pulse_flop_reg

  Ref  DFF        r:/WORK/SYS_TOP/DATA_SYNC_dut/sync_bus_reg[0]
  Impl DFF        i:/WORK/SYS_TOP/DATA_SYNC_dut/sync_bus_reg[0]

  Ref  DFF        r:/WORK/SYS_TOP/DATA_SYNC_dut/sync_bus_reg[1]
  Impl DFF        i:/WORK/SYS_TOP/DATA_SYNC_dut/sync_bus_reg[1]

  Ref  DFF        r:/WORK/SYS_TOP/DATA_SYNC_dut/sync_bus_reg[2]
  Impl DFF        i:/WORK/SYS_TOP/DATA_SYNC_dut/sync_bus_reg[2]

  Ref  DFF        r:/WORK/SYS_TOP/DATA_SYNC_dut/sync_bus_reg[3]
  Impl DFF        i:/WORK/SYS_TOP/DATA_SYNC_dut/sync_bus_reg[3]

  Ref  DFF        r:/WORK/SYS_TOP/DATA_SYNC_dut/sync_bus_reg[4]
  Impl DFF        i:/WORK/SYS_TOP/DATA_SYNC_dut/sync_bus_reg[4]

  Ref  DFF        r:/WORK/SYS_TOP/DATA_SYNC_dut/sync_bus_reg[5]
  Impl DFF        i:/WORK/SYS_TOP/DATA_SYNC_dut/sync_bus_reg[5]

  Ref  DFF        r:/WORK/SYS_TOP/DATA_SYNC_dut/sync_bus_reg[6]
  Impl DFF        i:/WORK/SYS_TOP/DATA_SYNC_dut/sync_bus_reg[6]

  Ref  DFF        r:/WORK/SYS_TOP/DATA_SYNC_dut/sync_bus_reg[7]
  Impl DFF        i:/WORK/SYS_TOP/DATA_SYNC_dut/sync_bus_reg[7]

  Ref  DFF        r:/WORK/SYS_TOP/async_fifo_fifo/u_fifo_mem/FIFO_MEM_reg[0][0]
  Impl DFF        i:/WORK/SYS_TOP/async_fifo_fifo/u_fifo_mem/FIFO_MEM_reg[0][0]

  Ref  DFF        r:/WORK/SYS_TOP/async_fifo_fifo/u_fifo_mem/FIFO_MEM_reg[0][1]
  Impl DFF        i:/WORK/SYS_TOP/async_fifo_fifo/u_fifo_mem/FIFO_MEM_reg[0][1]

  Ref  DFF        r:/WORK/SYS_TOP/async_fifo_fifo/u_fifo_mem/FIFO_MEM_reg[0][2]
  Impl DFF        i:/WORK/SYS_TOP/async_fifo_fifo/u_fifo_mem/FIFO_MEM_reg[0][2]

  Ref  DFF        r:/WORK/SYS_TOP/async_fifo_fifo/u_fifo_mem/FIFO_MEM_reg[0][3]
  Impl DFF        i:/WORK/SYS_TOP/async_fifo_fifo/u_fifo_mem/FIFO_MEM_reg[0][3]

  Ref  DFF        r:/WORK/SYS_TOP/async_fifo_fifo/u_fifo_mem/FIFO_MEM_reg[0][4]
  Impl DFF        i:/WORK/SYS_TOP/async_fifo_fifo/u_fifo_mem/FIFO_MEM_reg[0][4]

  Ref  DFF        r:/WORK/SYS_TOP/async_fifo_fifo/u_fifo_mem/FIFO_MEM_reg[0][5]
  Impl DFF        i:/WORK/SYS_TOP/async_fifo_fifo/u_fifo_mem/FIFO_MEM_reg[0][5]

  Ref  DFF        r:/WORK/SYS_TOP/async_fifo_fifo/u_fifo_mem/FIFO_MEM_reg[0][6]
  Impl DFF        i:/WORK/SYS_TOP/async_fifo_fifo/u_fifo_mem/FIFO_MEM_reg[0][6]

  Ref  DFF        r:/WORK/SYS_TOP/async_fifo_fifo/u_fifo_mem/FIFO_MEM_reg[0][7]
  Impl DFF        i:/WORK/SYS_TOP/async_fifo_fifo/u_fifo_mem/FIFO_MEM_reg[0][7]

  Ref  DFF        r:/WORK/SYS_TOP/async_fifo_fifo/u_fifo_mem/FIFO_MEM_reg[1][0]
  Impl DFF        i:/WORK/SYS_TOP/async_fifo_fifo/u_fifo_mem/FIFO_MEM_reg[1][0]

  Ref  DFF        r:/WORK/SYS_TOP/async_fifo_fifo/u_fifo_mem/FIFO_MEM_reg[1][1]
  Impl DFF        i:/WORK/SYS_TOP/async_fifo_fifo/u_fifo_mem/FIFO_MEM_reg[1][1]

  Ref  DFF        r:/WORK/SYS_TOP/async_fifo_fifo/u_fifo_mem/FIFO_MEM_reg[1][2]
  Impl DFF        i:/WORK/SYS_TOP/async_fifo_fifo/u_fifo_mem/FIFO_MEM_reg[1][2]

  Ref  DFF        r:/WORK/SYS_TOP/async_fifo_fifo/u_fifo_mem/FIFO_MEM_reg[1][3]
  Impl DFF        i:/WORK/SYS_TOP/async_fifo_fifo/u_fifo_mem/FIFO_MEM_reg[1][3]

  Ref  DFF        r:/WORK/SYS_TOP/async_fifo_fifo/u_fifo_mem/FIFO_MEM_reg[1][4]
  Impl DFF        i:/WORK/SYS_TOP/async_fifo_fifo/u_fifo_mem/FIFO_MEM_reg[1][4]

  Ref  DFF        r:/WORK/SYS_TOP/async_fifo_fifo/u_fifo_mem/FIFO_MEM_reg[1][5]
  Impl DFF        i:/WORK/SYS_TOP/async_fifo_fifo/u_fifo_mem/FIFO_MEM_reg[1][5]

  Ref  DFF        r:/WORK/SYS_TOP/async_fifo_fifo/u_fifo_mem/FIFO_MEM_reg[1][6]
  Impl DFF        i:/WORK/SYS_TOP/async_fifo_fifo/u_fifo_mem/FIFO_MEM_reg[1][6]

  Ref  DFF        r:/WORK/SYS_TOP/async_fifo_fifo/u_fifo_mem/FIFO_MEM_reg[1][7]
  Impl DFF        i:/WORK/SYS_TOP/async_fifo_fifo/u_fifo_mem/FIFO_MEM_reg[1][7]

  Ref  DFF        r:/WORK/SYS_TOP/async_fifo_fifo/u_fifo_mem/FIFO_MEM_reg[2][0]
  Impl DFF        i:/WORK/SYS_TOP/async_fifo_fifo/u_fifo_mem/FIFO_MEM_reg[2][0]

  Ref  DFF        r:/WORK/SYS_TOP/async_fifo_fifo/u_fifo_mem/FIFO_MEM_reg[2][1]
  Impl DFF        i:/WORK/SYS_TOP/async_fifo_fifo/u_fifo_mem/FIFO_MEM_reg[2][1]

  Ref  DFF        r:/WORK/SYS_TOP/async_fifo_fifo/u_fifo_mem/FIFO_MEM_reg[2][2]
  Impl DFF        i:/WORK/SYS_TOP/async_fifo_fifo/u_fifo_mem/FIFO_MEM_reg[2][2]

  Ref  DFF        r:/WORK/SYS_TOP/async_fifo_fifo/u_fifo_mem/FIFO_MEM_reg[2][3]
  Impl DFF        i:/WORK/SYS_TOP/async_fifo_fifo/u_fifo_mem/FIFO_MEM_reg[2][3]

  Ref  DFF        r:/WORK/SYS_TOP/async_fifo_fifo/u_fifo_mem/FIFO_MEM_reg[2][4]
  Impl DFF        i:/WORK/SYS_TOP/async_fifo_fifo/u_fifo_mem/FIFO_MEM_reg[2][4]

  Ref  DFF        r:/WORK/SYS_TOP/async_fifo_fifo/u_fifo_mem/FIFO_MEM_reg[2][5]
  Impl DFF        i:/WORK/SYS_TOP/async_fifo_fifo/u_fifo_mem/FIFO_MEM_reg[2][5]

  Ref  DFF        r:/WORK/SYS_TOP/async_fifo_fifo/u_fifo_mem/FIFO_MEM_reg[2][6]
  Impl DFF        i:/WORK/SYS_TOP/async_fifo_fifo/u_fifo_mem/FIFO_MEM_reg[2][6]

  Ref  DFF        r:/WORK/SYS_TOP/async_fifo_fifo/u_fifo_mem/FIFO_MEM_reg[2][7]
  Impl DFF        i:/WORK/SYS_TOP/async_fifo_fifo/u_fifo_mem/FIFO_MEM_reg[2][7]

  Ref  DFF        r:/WORK/SYS_TOP/async_fifo_fifo/u_fifo_mem/FIFO_MEM_reg[3][0]
  Impl DFF        i:/WORK/SYS_TOP/async_fifo_fifo/u_fifo_mem/FIFO_MEM_reg[3][0]

  Ref  DFF        r:/WORK/SYS_TOP/async_fifo_fifo/u_fifo_mem/FIFO_MEM_reg[3][1]
  Impl DFF        i:/WORK/SYS_TOP/async_fifo_fifo/u_fifo_mem/FIFO_MEM_reg[3][1]

  Ref  DFF        r:/WORK/SYS_TOP/async_fifo_fifo/u_fifo_mem/FIFO_MEM_reg[3][2]
  Impl DFF        i:/WORK/SYS_TOP/async_fifo_fifo/u_fifo_mem/FIFO_MEM_reg[3][2]

  Ref  DFF        r:/WORK/SYS_TOP/async_fifo_fifo/u_fifo_mem/FIFO_MEM_reg[3][3]
  Impl DFF        i:/WORK/SYS_TOP/async_fifo_fifo/u_fifo_mem/FIFO_MEM_reg[3][3]

  Ref  DFF        r:/WORK/SYS_TOP/async_fifo_fifo/u_fifo_mem/FIFO_MEM_reg[3][4]
  Impl DFF        i:/WORK/SYS_TOP/async_fifo_fifo/u_fifo_mem/FIFO_MEM_reg[3][4]

  Ref  DFF        r:/WORK/SYS_TOP/async_fifo_fifo/u_fifo_mem/FIFO_MEM_reg[3][5]
  Impl DFF        i:/WORK/SYS_TOP/async_fifo_fifo/u_fifo_mem/FIFO_MEM_reg[3][5]

  Ref  DFF        r:/WORK/SYS_TOP/async_fifo_fifo/u_fifo_mem/FIFO_MEM_reg[3][6]
  Impl DFF        i:/WORK/SYS_TOP/async_fifo_fifo/u_fifo_mem/FIFO_MEM_reg[3][6]

  Ref  DFF        r:/WORK/SYS_TOP/async_fifo_fifo/u_fifo_mem/FIFO_MEM_reg[3][7]
  Impl DFF        i:/WORK/SYS_TOP/async_fifo_fifo/u_fifo_mem/FIFO_MEM_reg[3][7]

  Ref  DFF        r:/WORK/SYS_TOP/async_fifo_fifo/u_fifo_mem/FIFO_MEM_reg[4][0]
  Impl DFF        i:/WORK/SYS_TOP/async_fifo_fifo/u_fifo_mem/FIFO_MEM_reg[4][0]

  Ref  DFF        r:/WORK/SYS_TOP/async_fifo_fifo/u_fifo_mem/FIFO_MEM_reg[4][1]
  Impl DFF        i:/WORK/SYS_TOP/async_fifo_fifo/u_fifo_mem/FIFO_MEM_reg[4][1]

  Ref  DFF        r:/WORK/SYS_TOP/async_fifo_fifo/u_fifo_mem/FIFO_MEM_reg[4][2]
  Impl DFF        i:/WORK/SYS_TOP/async_fifo_fifo/u_fifo_mem/FIFO_MEM_reg[4][2]

  Ref  DFF        r:/WORK/SYS_TOP/async_fifo_fifo/u_fifo_mem/FIFO_MEM_reg[4][3]
  Impl DFF        i:/WORK/SYS_TOP/async_fifo_fifo/u_fifo_mem/FIFO_MEM_reg[4][3]

  Ref  DFF        r:/WORK/SYS_TOP/async_fifo_fifo/u_fifo_mem/FIFO_MEM_reg[4][4]
  Impl DFF        i:/WORK/SYS_TOP/async_fifo_fifo/u_fifo_mem/FIFO_MEM_reg[4][4]

  Ref  DFF        r:/WORK/SYS_TOP/async_fifo_fifo/u_fifo_mem/FIFO_MEM_reg[4][5]
  Impl DFF        i:/WORK/SYS_TOP/async_fifo_fifo/u_fifo_mem/FIFO_MEM_reg[4][5]

  Ref  DFF        r:/WORK/SYS_TOP/async_fifo_fifo/u_fifo_mem/FIFO_MEM_reg[4][6]
  Impl DFF        i:/WORK/SYS_TOP/async_fifo_fifo/u_fifo_mem/FIFO_MEM_reg[4][6]

  Ref  DFF        r:/WORK/SYS_TOP/async_fifo_fifo/u_fifo_mem/FIFO_MEM_reg[4][7]
  Impl DFF        i:/WORK/SYS_TOP/async_fifo_fifo/u_fifo_mem/FIFO_MEM_reg[4][7]

  Ref  DFF        r:/WORK/SYS_TOP/async_fifo_fifo/u_fifo_mem/FIFO_MEM_reg[5][0]
  Impl DFF        i:/WORK/SYS_TOP/async_fifo_fifo/u_fifo_mem/FIFO_MEM_reg[5][0]

  Ref  DFF        r:/WORK/SYS_TOP/async_fifo_fifo/u_fifo_mem/FIFO_MEM_reg[5][1]
  Impl DFF        i:/WORK/SYS_TOP/async_fifo_fifo/u_fifo_mem/FIFO_MEM_reg[5][1]

  Ref  DFF        r:/WORK/SYS_TOP/async_fifo_fifo/u_fifo_mem/FIFO_MEM_reg[5][2]
  Impl DFF        i:/WORK/SYS_TOP/async_fifo_fifo/u_fifo_mem/FIFO_MEM_reg[5][2]

  Ref  DFF        r:/WORK/SYS_TOP/async_fifo_fifo/u_fifo_mem/FIFO_MEM_reg[5][3]
  Impl DFF        i:/WORK/SYS_TOP/async_fifo_fifo/u_fifo_mem/FIFO_MEM_reg[5][3]

  Ref  DFF        r:/WORK/SYS_TOP/async_fifo_fifo/u_fifo_mem/FIFO_MEM_reg[5][4]
  Impl DFF        i:/WORK/SYS_TOP/async_fifo_fifo/u_fifo_mem/FIFO_MEM_reg[5][4]

  Ref  DFF        r:/WORK/SYS_TOP/async_fifo_fifo/u_fifo_mem/FIFO_MEM_reg[5][5]
  Impl DFF        i:/WORK/SYS_TOP/async_fifo_fifo/u_fifo_mem/FIFO_MEM_reg[5][5]

  Ref  DFF        r:/WORK/SYS_TOP/async_fifo_fifo/u_fifo_mem/FIFO_MEM_reg[5][6]
  Impl DFF        i:/WORK/SYS_TOP/async_fifo_fifo/u_fifo_mem/FIFO_MEM_reg[5][6]

  Ref  DFF        r:/WORK/SYS_TOP/async_fifo_fifo/u_fifo_mem/FIFO_MEM_reg[5][7]
  Impl DFF        i:/WORK/SYS_TOP/async_fifo_fifo/u_fifo_mem/FIFO_MEM_reg[5][7]

  Ref  DFF        r:/WORK/SYS_TOP/async_fifo_fifo/u_fifo_mem/FIFO_MEM_reg[6][0]
  Impl DFF        i:/WORK/SYS_TOP/async_fifo_fifo/u_fifo_mem/FIFO_MEM_reg[6][0]

  Ref  DFF        r:/WORK/SYS_TOP/async_fifo_fifo/u_fifo_mem/FIFO_MEM_reg[6][1]
  Impl DFF        i:/WORK/SYS_TOP/async_fifo_fifo/u_fifo_mem/FIFO_MEM_reg[6][1]

  Ref  DFF        r:/WORK/SYS_TOP/async_fifo_fifo/u_fifo_mem/FIFO_MEM_reg[6][2]
  Impl DFF        i:/WORK/SYS_TOP/async_fifo_fifo/u_fifo_mem/FIFO_MEM_reg[6][2]

  Ref  DFF        r:/WORK/SYS_TOP/async_fifo_fifo/u_fifo_mem/FIFO_MEM_reg[6][3]
  Impl DFF        i:/WORK/SYS_TOP/async_fifo_fifo/u_fifo_mem/FIFO_MEM_reg[6][3]

  Ref  DFF        r:/WORK/SYS_TOP/async_fifo_fifo/u_fifo_mem/FIFO_MEM_reg[6][4]
  Impl DFF        i:/WORK/SYS_TOP/async_fifo_fifo/u_fifo_mem/FIFO_MEM_reg[6][4]

  Ref  DFF        r:/WORK/SYS_TOP/async_fifo_fifo/u_fifo_mem/FIFO_MEM_reg[6][5]
  Impl DFF        i:/WORK/SYS_TOP/async_fifo_fifo/u_fifo_mem/FIFO_MEM_reg[6][5]

  Ref  DFF        r:/WORK/SYS_TOP/async_fifo_fifo/u_fifo_mem/FIFO_MEM_reg[6][6]
  Impl DFF        i:/WORK/SYS_TOP/async_fifo_fifo/u_fifo_mem/FIFO_MEM_reg[6][6]

  Ref  DFF        r:/WORK/SYS_TOP/async_fifo_fifo/u_fifo_mem/FIFO_MEM_reg[6][7]
  Impl DFF        i:/WORK/SYS_TOP/async_fifo_fifo/u_fifo_mem/FIFO_MEM_reg[6][7]

  Ref  DFF        r:/WORK/SYS_TOP/async_fifo_fifo/u_fifo_mem/FIFO_MEM_reg[7][0]
  Impl DFF        i:/WORK/SYS_TOP/async_fifo_fifo/u_fifo_mem/FIFO_MEM_reg[7][0]

  Ref  DFF        r:/WORK/SYS_TOP/async_fifo_fifo/u_fifo_mem/FIFO_MEM_reg[7][1]
  Impl DFF        i:/WORK/SYS_TOP/async_fifo_fifo/u_fifo_mem/FIFO_MEM_reg[7][1]

  Ref  DFF        r:/WORK/SYS_TOP/async_fifo_fifo/u_fifo_mem/FIFO_MEM_reg[7][2]
  Impl DFF        i:/WORK/SYS_TOP/async_fifo_fifo/u_fifo_mem/FIFO_MEM_reg[7][2]

  Ref  DFF        r:/WORK/SYS_TOP/async_fifo_fifo/u_fifo_mem/FIFO_MEM_reg[7][3]
  Impl DFF        i:/WORK/SYS_TOP/async_fifo_fifo/u_fifo_mem/FIFO_MEM_reg[7][3]

  Ref  DFF        r:/WORK/SYS_TOP/async_fifo_fifo/u_fifo_mem/FIFO_MEM_reg[7][4]
  Impl DFF        i:/WORK/SYS_TOP/async_fifo_fifo/u_fifo_mem/FIFO_MEM_reg[7][4]

  Ref  DFF        r:/WORK/SYS_TOP/async_fifo_fifo/u_fifo_mem/FIFO_MEM_reg[7][5]
  Impl DFF        i:/WORK/SYS_TOP/async_fifo_fifo/u_fifo_mem/FIFO_MEM_reg[7][5]

  Ref  DFF        r:/WORK/SYS_TOP/async_fifo_fifo/u_fifo_mem/FIFO_MEM_reg[7][6]
  Impl DFF        i:/WORK/SYS_TOP/async_fifo_fifo/u_fifo_mem/FIFO_MEM_reg[7][6]

  Ref  DFF        r:/WORK/SYS_TOP/async_fifo_fifo/u_fifo_mem/FIFO_MEM_reg[7][7]
  Impl DFF        i:/WORK/SYS_TOP/async_fifo_fifo/u_fifo_mem/FIFO_MEM_reg[7][7]

  Ref  DFF        r:/WORK/SYS_TOP/async_fifo_fifo/u_fifo_rd/gray_rd_ptr_reg[0]
  Impl DFF        i:/WORK/SYS_TOP/async_fifo_fifo/u_fifo_rd/gray_rd_ptr_reg[0]

  Ref  DFF        r:/WORK/SYS_TOP/async_fifo_fifo/u_fifo_rd/gray_rd_ptr_reg[1]
  Impl DFF        i:/WORK/SYS_TOP/async_fifo_fifo/u_fifo_rd/gray_rd_ptr_reg[1]

  Ref  DFF        r:/WORK/SYS_TOP/async_fifo_fifo/u_fifo_rd/gray_rd_ptr_reg[2]
  Impl DFF        i:/WORK/SYS_TOP/async_fifo_fifo/u_fifo_rd/gray_rd_ptr_reg[2]

  Ref  DFF        r:/WORK/SYS_TOP/async_fifo_fifo/u_fifo_rd/gray_rd_ptr_reg[3]
  Impl DFF        i:/WORK/SYS_TOP/async_fifo_fifo/u_fifo_rd/gray_rd_ptr_reg[3]

  Ref  DFF        r:/WORK/SYS_TOP/async_fifo_fifo/u_fifo_rd/rd_ptr_reg[0]
  Impl DFF        i:/WORK/SYS_TOP/async_fifo_fifo/u_fifo_rd/rd_ptr_reg[0]

  Ref  DFF        r:/WORK/SYS_TOP/async_fifo_fifo/u_fifo_rd/rd_ptr_reg[1]
  Impl DFF        i:/WORK/SYS_TOP/async_fifo_fifo/u_fifo_rd/rd_ptr_reg[1]

  Ref  DFF        r:/WORK/SYS_TOP/async_fifo_fifo/u_fifo_rd/rd_ptr_reg[2]
  Impl DFF        i:/WORK/SYS_TOP/async_fifo_fifo/u_fifo_rd/rd_ptr_reg[2]

  Ref  DFF        r:/WORK/SYS_TOP/async_fifo_fifo/u_fifo_rd/rd_ptr_reg[3]
  Impl DFF        i:/WORK/SYS_TOP/async_fifo_fifo/u_fifo_rd/rd_ptr_reg[3]

  Ref  DFF        r:/WORK/SYS_TOP/async_fifo_fifo/u_fifo_wr/gray_w_ptr_reg[0]
  Impl DFF        i:/WORK/SYS_TOP/async_fifo_fifo/u_fifo_wr/gray_w_ptr_reg[0]

  Ref  DFF        r:/WORK/SYS_TOP/async_fifo_fifo/u_fifo_wr/gray_w_ptr_reg[1]
  Impl DFF        i:/WORK/SYS_TOP/async_fifo_fifo/u_fifo_wr/gray_w_ptr_reg[1]

  Ref  DFF        r:/WORK/SYS_TOP/async_fifo_fifo/u_fifo_wr/gray_w_ptr_reg[2]
  Impl DFF        i:/WORK/SYS_TOP/async_fifo_fifo/u_fifo_wr/gray_w_ptr_reg[2]

  Ref  DFF        r:/WORK/SYS_TOP/async_fifo_fifo/u_fifo_wr/gray_w_ptr_reg[3]
  Impl DFF        i:/WORK/SYS_TOP/async_fifo_fifo/u_fifo_wr/gray_w_ptr_reg[3]

  Ref  DFF        r:/WORK/SYS_TOP/async_fifo_fifo/u_fifo_wr/w_ptr_reg[0]
  Impl DFF        i:/WORK/SYS_TOP/async_fifo_fifo/u_fifo_wr/w_ptr_reg[0]

  Ref  DFF        r:/WORK/SYS_TOP/async_fifo_fifo/u_fifo_wr/w_ptr_reg[1]
  Impl DFF        i:/WORK/SYS_TOP/async_fifo_fifo/u_fifo_wr/w_ptr_reg[1]

  Ref  DFF        r:/WORK/SYS_TOP/async_fifo_fifo/u_fifo_wr/w_ptr_reg[2]
  Impl DFF        i:/WORK/SYS_TOP/async_fifo_fifo/u_fifo_wr/w_ptr_reg[2]

  Ref  DFF        r:/WORK/SYS_TOP/async_fifo_fifo/u_fifo_wr/w_ptr_reg[3]
  Impl DFF        i:/WORK/SYS_TOP/async_fifo_fifo/u_fifo_wr/w_ptr_reg[3]

  Ref  DFF        r:/WORK/SYS_TOP/async_fifo_fifo/u_r2w_sync/meta_flop_reg[0]
  Impl DFF        i:/WORK/SYS_TOP/async_fifo_fifo/u_r2w_sync/meta_flop_reg[0]

  Ref  DFF        r:/WORK/SYS_TOP/async_fifo_fifo/u_r2w_sync/meta_flop_reg[1]
  Impl DFF        i:/WORK/SYS_TOP/async_fifo_fifo/u_r2w_sync/meta_flop_reg[1]

  Ref  DFF        r:/WORK/SYS_TOP/async_fifo_fifo/u_r2w_sync/meta_flop_reg[2]
  Impl DFF        i:/WORK/SYS_TOP/async_fifo_fifo/u_r2w_sync/meta_flop_reg[2]

  Ref  DFF        r:/WORK/SYS_TOP/async_fifo_fifo/u_r2w_sync/meta_flop_reg[3]
  Impl DFF        i:/WORK/SYS_TOP/async_fifo_fifo/u_r2w_sync/meta_flop_reg[3]

  Ref  DFF        r:/WORK/SYS_TOP/async_fifo_fifo/u_r2w_sync/sync_op_reg[0]
  Impl DFF        i:/WORK/SYS_TOP/async_fifo_fifo/u_r2w_sync/sync_op_reg[0]

  Ref  DFF        r:/WORK/SYS_TOP/async_fifo_fifo/u_r2w_sync/sync_op_reg[1]
  Impl DFF        i:/WORK/SYS_TOP/async_fifo_fifo/u_r2w_sync/sync_op_reg[1]

  Ref  DFF        r:/WORK/SYS_TOP/async_fifo_fifo/u_r2w_sync/sync_op_reg[2]
  Impl DFF        i:/WORK/SYS_TOP/async_fifo_fifo/u_r2w_sync/sync_op_reg[2]

  Ref  DFF        r:/WORK/SYS_TOP/async_fifo_fifo/u_r2w_sync/sync_op_reg[3]
  Impl DFF        i:/WORK/SYS_TOP/async_fifo_fifo/u_r2w_sync/sync_op_reg[3]

  Ref  DFF        r:/WORK/SYS_TOP/async_fifo_fifo/u_w2r_sync/meta_flop_reg[0]
  Impl DFF        i:/WORK/SYS_TOP/async_fifo_fifo/u_w2r_sync/meta_flop_reg[0]

  Ref  DFF        r:/WORK/SYS_TOP/async_fifo_fifo/u_w2r_sync/meta_flop_reg[1]
  Impl DFF        i:/WORK/SYS_TOP/async_fifo_fifo/u_w2r_sync/meta_flop_reg[1]

  Ref  DFF        r:/WORK/SYS_TOP/async_fifo_fifo/u_w2r_sync/meta_flop_reg[2]
  Impl DFF        i:/WORK/SYS_TOP/async_fifo_fifo/u_w2r_sync/meta_flop_reg[2]

  Ref  DFF        r:/WORK/SYS_TOP/async_fifo_fifo/u_w2r_sync/meta_flop_reg[3]
  Impl DFF        i:/WORK/SYS_TOP/async_fifo_fifo/u_w2r_sync/meta_flop_reg[3]

  Ref  DFF        r:/WORK/SYS_TOP/async_fifo_fifo/u_w2r_sync/sync_op_reg[0]
  Impl DFF        i:/WORK/SYS_TOP/async_fifo_fifo/u_w2r_sync/sync_op_reg[0]

  Ref  DFF        r:/WORK/SYS_TOP/async_fifo_fifo/u_w2r_sync/sync_op_reg[1]
  Impl DFF        i:/WORK/SYS_TOP/async_fifo_fifo/u_w2r_sync/sync_op_reg[1]

  Ref  DFF        r:/WORK/SYS_TOP/async_fifo_fifo/u_w2r_sync/sync_op_reg[2]
  Impl DFF        i:/WORK/SYS_TOP/async_fifo_fifo/u_w2r_sync/sync_op_reg[2]

  Ref  DFF        r:/WORK/SYS_TOP/async_fifo_fifo/u_w2r_sync/sync_op_reg[3]
  Impl DFF        i:/WORK/SYS_TOP/async_fifo_fifo/u_w2r_sync/sync_op_reg[3]

  Ref  DFF        r:/WORK/SYS_TOP/clk_div_tx_dut/count_reg[0]
  Impl DFF        i:/WORK/SYS_TOP/clk_div_tx_dut/count_reg[0]

  Ref  DFF        r:/WORK/SYS_TOP/clk_div_tx_dut/count_reg[1]
  Impl DFF        i:/WORK/SYS_TOP/clk_div_tx_dut/count_reg[1]

  Ref  DFF        r:/WORK/SYS_TOP/clk_div_tx_dut/count_reg[2]
  Impl DFF        i:/WORK/SYS_TOP/clk_div_tx_dut/count_reg[2]

  Ref  DFF        r:/WORK/SYS_TOP/clk_div_tx_dut/count_reg[3]
  Impl DFF        i:/WORK/SYS_TOP/clk_div_tx_dut/count_reg[3]

  Ref  DFF        r:/WORK/SYS_TOP/clk_div_tx_dut/count_reg[4]
  Impl DFF        i:/WORK/SYS_TOP/clk_div_tx_dut/count_reg[4]

  Ref  DFF        r:/WORK/SYS_TOP/clk_div_tx_dut/count_reg[5]
  Impl DFF        i:/WORK/SYS_TOP/clk_div_tx_dut/count_reg[5]

  Ref  DFF        r:/WORK/SYS_TOP/clk_div_tx_dut/count_reg[6]
  Impl DFF        i:/WORK/SYS_TOP/clk_div_tx_dut/count_reg[6]

  Ref  DFF        r:/WORK/SYS_TOP/clk_div_tx_dut/div_clk_reg
  Impl DFF        i:/WORK/SYS_TOP/clk_div_tx_dut/div_clk_reg

  Ref  DFF        r:/WORK/SYS_TOP/clk_div_tx_dut/odd_edge_tog_reg
  Impl DFF        i:/WORK/SYS_TOP/clk_div_tx_dut/odd_edge_tog_reg

  Ref  LAT        r:/WORK/SYS_TOP/clk_gate_dut/Latch_Out_reg
  Impl LAT        i:/WORK/SYS_TOP/clk_gate_dut/Latch_Out_reg

  Ref  DFF        r:/WORK/SYS_TOP/controller_dut/addr_hold_reg[0]
  Impl DFF        i:/WORK/SYS_TOP/controller_dut/addr_hold_reg[0]

  Ref  DFF        r:/WORK/SYS_TOP/controller_dut/addr_hold_reg[1]
  Impl DFF        i:/WORK/SYS_TOP/controller_dut/addr_hold_reg[1]

  Ref  DFF        r:/WORK/SYS_TOP/controller_dut/addr_hold_reg[2]
  Impl DFF        i:/WORK/SYS_TOP/controller_dut/addr_hold_reg[2]

  Ref  DFF        r:/WORK/SYS_TOP/controller_dut/addr_hold_reg[3]
  Impl DFF        i:/WORK/SYS_TOP/controller_dut/addr_hold_reg[3]

  Ref  DFF        r:/WORK/SYS_TOP/controller_dut/current_state_reg[0]
  Impl DFF        i:/WORK/SYS_TOP/controller_dut/current_state_reg[0]

  Ref  DFF        r:/WORK/SYS_TOP/controller_dut/current_state_reg[1]
  Impl DFF        i:/WORK/SYS_TOP/controller_dut/current_state_reg[1]

  Ref  DFF        r:/WORK/SYS_TOP/controller_dut/current_state_reg[2]
  Impl DFF        i:/WORK/SYS_TOP/controller_dut/current_state_reg[2]

  Ref  DFF        r:/WORK/SYS_TOP/controller_dut/current_state_reg[3]
  Impl DFF        i:/WORK/SYS_TOP/controller_dut/current_state_reg[3]

  Ref  DFF        r:/WORK/SYS_TOP/controller_dut/data_valid_cntrl_reg
  Impl DFF        i:/WORK/SYS_TOP/controller_dut/data_valid_cntrl_reg

  Ref  DFF        r:/WORK/SYS_TOP/pulse_gen_dut/pls_flop_reg
  Impl DFF        i:/WORK/SYS_TOP/pulse_gen_dut/pls_flop_reg

  Ref  DFF        r:/WORK/SYS_TOP/pulse_gen_dut/rcv_flop_reg
  Impl DFF        i:/WORK/SYS_TOP/pulse_gen_dut/rcv_flop_reg

  Ref  DFF        r:/WORK/SYS_TOP/regfile_dut/RdData_reg[0]
  Impl DFF        i:/WORK/SYS_TOP/regfile_dut/RdData_reg[0]

  Ref  DFF        r:/WORK/SYS_TOP/regfile_dut/RdData_reg[1]
  Impl DFF        i:/WORK/SYS_TOP/regfile_dut/RdData_reg[1]

  Ref  DFF        r:/WORK/SYS_TOP/regfile_dut/RdData_reg[2]
  Impl DFF        i:/WORK/SYS_TOP/regfile_dut/RdData_reg[2]

  Ref  DFF        r:/WORK/SYS_TOP/regfile_dut/RdData_reg[3]
  Impl DFF        i:/WORK/SYS_TOP/regfile_dut/RdData_reg[3]

  Ref  DFF        r:/WORK/SYS_TOP/regfile_dut/RdData_reg[4]
  Impl DFF        i:/WORK/SYS_TOP/regfile_dut/RdData_reg[4]

  Ref  DFF        r:/WORK/SYS_TOP/regfile_dut/RdData_reg[5]
  Impl DFF        i:/WORK/SYS_TOP/regfile_dut/RdData_reg[5]

  Ref  DFF        r:/WORK/SYS_TOP/regfile_dut/RdData_reg[6]
  Impl DFF        i:/WORK/SYS_TOP/regfile_dut/RdData_reg[6]

  Ref  DFF        r:/WORK/SYS_TOP/regfile_dut/RdData_reg[7]
  Impl DFF        i:/WORK/SYS_TOP/regfile_dut/RdData_reg[7]

  Ref  DFF        r:/WORK/SYS_TOP/regfile_dut/Reg_File_reg[0][0]
  Impl DFF        i:/WORK/SYS_TOP/regfile_dut/Reg_File_reg[0][0]

  Ref  DFF        r:/WORK/SYS_TOP/regfile_dut/Reg_File_reg[0][1]
  Impl DFF        i:/WORK/SYS_TOP/regfile_dut/Reg_File_reg[0][1]

  Ref  DFF        r:/WORK/SYS_TOP/regfile_dut/Reg_File_reg[0][2]
  Impl DFF        i:/WORK/SYS_TOP/regfile_dut/Reg_File_reg[0][2]

  Ref  DFF        r:/WORK/SYS_TOP/regfile_dut/Reg_File_reg[0][3]
  Impl DFF        i:/WORK/SYS_TOP/regfile_dut/Reg_File_reg[0][3]

  Ref  DFF        r:/WORK/SYS_TOP/regfile_dut/Reg_File_reg[0][4]
  Impl DFF        i:/WORK/SYS_TOP/regfile_dut/Reg_File_reg[0][4]

  Ref  DFF        r:/WORK/SYS_TOP/regfile_dut/Reg_File_reg[0][5]
  Impl DFF        i:/WORK/SYS_TOP/regfile_dut/Reg_File_reg[0][5]

  Ref  DFF        r:/WORK/SYS_TOP/regfile_dut/Reg_File_reg[0][6]
  Impl DFF        i:/WORK/SYS_TOP/regfile_dut/Reg_File_reg[0][6]

  Ref  DFF        r:/WORK/SYS_TOP/regfile_dut/Reg_File_reg[0][7]
  Impl DFF        i:/WORK/SYS_TOP/regfile_dut/Reg_File_reg[0][7]

  Ref  DFF        r:/WORK/SYS_TOP/regfile_dut/Reg_File_reg[10][0]
  Impl DFF        i:/WORK/SYS_TOP/regfile_dut/Reg_File_reg[10][0]

  Ref  DFF        r:/WORK/SYS_TOP/regfile_dut/Reg_File_reg[10][1]
  Impl DFF        i:/WORK/SYS_TOP/regfile_dut/Reg_File_reg[10][1]

  Ref  DFF        r:/WORK/SYS_TOP/regfile_dut/Reg_File_reg[10][2]
  Impl DFF        i:/WORK/SYS_TOP/regfile_dut/Reg_File_reg[10][2]

  Ref  DFF        r:/WORK/SYS_TOP/regfile_dut/Reg_File_reg[10][3]
  Impl DFF        i:/WORK/SYS_TOP/regfile_dut/Reg_File_reg[10][3]

  Ref  DFF        r:/WORK/SYS_TOP/regfile_dut/Reg_File_reg[10][4]
  Impl DFF        i:/WORK/SYS_TOP/regfile_dut/Reg_File_reg[10][4]

  Ref  DFF        r:/WORK/SYS_TOP/regfile_dut/Reg_File_reg[10][5]
  Impl DFF        i:/WORK/SYS_TOP/regfile_dut/Reg_File_reg[10][5]

  Ref  DFF        r:/WORK/SYS_TOP/regfile_dut/Reg_File_reg[10][6]
  Impl DFF        i:/WORK/SYS_TOP/regfile_dut/Reg_File_reg[10][6]

  Ref  DFF        r:/WORK/SYS_TOP/regfile_dut/Reg_File_reg[10][7]
  Impl DFF        i:/WORK/SYS_TOP/regfile_dut/Reg_File_reg[10][7]

  Ref  DFF        r:/WORK/SYS_TOP/regfile_dut/Reg_File_reg[11][0]
  Impl DFF        i:/WORK/SYS_TOP/regfile_dut/Reg_File_reg[11][0]

  Ref  DFF        r:/WORK/SYS_TOP/regfile_dut/Reg_File_reg[11][1]
  Impl DFF        i:/WORK/SYS_TOP/regfile_dut/Reg_File_reg[11][1]

  Ref  DFF        r:/WORK/SYS_TOP/regfile_dut/Reg_File_reg[11][2]
  Impl DFF        i:/WORK/SYS_TOP/regfile_dut/Reg_File_reg[11][2]

  Ref  DFF        r:/WORK/SYS_TOP/regfile_dut/Reg_File_reg[11][3]
  Impl DFF        i:/WORK/SYS_TOP/regfile_dut/Reg_File_reg[11][3]

  Ref  DFF        r:/WORK/SYS_TOP/regfile_dut/Reg_File_reg[11][4]
  Impl DFF        i:/WORK/SYS_TOP/regfile_dut/Reg_File_reg[11][4]

  Ref  DFF        r:/WORK/SYS_TOP/regfile_dut/Reg_File_reg[11][5]
  Impl DFF        i:/WORK/SYS_TOP/regfile_dut/Reg_File_reg[11][5]

  Ref  DFF        r:/WORK/SYS_TOP/regfile_dut/Reg_File_reg[11][6]
  Impl DFF        i:/WORK/SYS_TOP/regfile_dut/Reg_File_reg[11][6]

  Ref  DFF        r:/WORK/SYS_TOP/regfile_dut/Reg_File_reg[11][7]
  Impl DFF        i:/WORK/SYS_TOP/regfile_dut/Reg_File_reg[11][7]

  Ref  DFF        r:/WORK/SYS_TOP/regfile_dut/Reg_File_reg[12][0]
  Impl DFF        i:/WORK/SYS_TOP/regfile_dut/Reg_File_reg[12][0]

  Ref  DFF        r:/WORK/SYS_TOP/regfile_dut/Reg_File_reg[12][1]
  Impl DFF        i:/WORK/SYS_TOP/regfile_dut/Reg_File_reg[12][1]

  Ref  DFF        r:/WORK/SYS_TOP/regfile_dut/Reg_File_reg[12][2]
  Impl DFF        i:/WORK/SYS_TOP/regfile_dut/Reg_File_reg[12][2]

  Ref  DFF        r:/WORK/SYS_TOP/regfile_dut/Reg_File_reg[12][3]
  Impl DFF        i:/WORK/SYS_TOP/regfile_dut/Reg_File_reg[12][3]

  Ref  DFF        r:/WORK/SYS_TOP/regfile_dut/Reg_File_reg[12][4]
  Impl DFF        i:/WORK/SYS_TOP/regfile_dut/Reg_File_reg[12][4]

  Ref  DFF        r:/WORK/SYS_TOP/regfile_dut/Reg_File_reg[12][5]
  Impl DFF        i:/WORK/SYS_TOP/regfile_dut/Reg_File_reg[12][5]

  Ref  DFF        r:/WORK/SYS_TOP/regfile_dut/Reg_File_reg[12][6]
  Impl DFF        i:/WORK/SYS_TOP/regfile_dut/Reg_File_reg[12][6]

  Ref  DFF        r:/WORK/SYS_TOP/regfile_dut/Reg_File_reg[12][7]
  Impl DFF        i:/WORK/SYS_TOP/regfile_dut/Reg_File_reg[12][7]

  Ref  DFF        r:/WORK/SYS_TOP/regfile_dut/Reg_File_reg[13][0]
  Impl DFF        i:/WORK/SYS_TOP/regfile_dut/Reg_File_reg[13][0]

  Ref  DFF        r:/WORK/SYS_TOP/regfile_dut/Reg_File_reg[13][1]
  Impl DFF        i:/WORK/SYS_TOP/regfile_dut/Reg_File_reg[13][1]

  Ref  DFF        r:/WORK/SYS_TOP/regfile_dut/Reg_File_reg[13][2]
  Impl DFF        i:/WORK/SYS_TOP/regfile_dut/Reg_File_reg[13][2]

  Ref  DFF        r:/WORK/SYS_TOP/regfile_dut/Reg_File_reg[13][3]
  Impl DFF        i:/WORK/SYS_TOP/regfile_dut/Reg_File_reg[13][3]

  Ref  DFF        r:/WORK/SYS_TOP/regfile_dut/Reg_File_reg[13][4]
  Impl DFF        i:/WORK/SYS_TOP/regfile_dut/Reg_File_reg[13][4]

  Ref  DFF        r:/WORK/SYS_TOP/regfile_dut/Reg_File_reg[13][5]
  Impl DFF        i:/WORK/SYS_TOP/regfile_dut/Reg_File_reg[13][5]

  Ref  DFF        r:/WORK/SYS_TOP/regfile_dut/Reg_File_reg[13][6]
  Impl DFF        i:/WORK/SYS_TOP/regfile_dut/Reg_File_reg[13][6]

  Ref  DFF        r:/WORK/SYS_TOP/regfile_dut/Reg_File_reg[13][7]
  Impl DFF        i:/WORK/SYS_TOP/regfile_dut/Reg_File_reg[13][7]

  Ref  DFF        r:/WORK/SYS_TOP/regfile_dut/Reg_File_reg[14][0]
  Impl DFF        i:/WORK/SYS_TOP/regfile_dut/Reg_File_reg[14][0]

  Ref  DFF        r:/WORK/SYS_TOP/regfile_dut/Reg_File_reg[14][1]
  Impl DFF        i:/WORK/SYS_TOP/regfile_dut/Reg_File_reg[14][1]

  Ref  DFF        r:/WORK/SYS_TOP/regfile_dut/Reg_File_reg[14][2]
  Impl DFF        i:/WORK/SYS_TOP/regfile_dut/Reg_File_reg[14][2]

  Ref  DFF        r:/WORK/SYS_TOP/regfile_dut/Reg_File_reg[14][3]
  Impl DFF        i:/WORK/SYS_TOP/regfile_dut/Reg_File_reg[14][3]

  Ref  DFF        r:/WORK/SYS_TOP/regfile_dut/Reg_File_reg[14][4]
  Impl DFF        i:/WORK/SYS_TOP/regfile_dut/Reg_File_reg[14][4]

  Ref  DFF        r:/WORK/SYS_TOP/regfile_dut/Reg_File_reg[14][5]
  Impl DFF        i:/WORK/SYS_TOP/regfile_dut/Reg_File_reg[14][5]

  Ref  DFF        r:/WORK/SYS_TOP/regfile_dut/Reg_File_reg[14][6]
  Impl DFF        i:/WORK/SYS_TOP/regfile_dut/Reg_File_reg[14][6]

  Ref  DFF        r:/WORK/SYS_TOP/regfile_dut/Reg_File_reg[14][7]
  Impl DFF        i:/WORK/SYS_TOP/regfile_dut/Reg_File_reg[14][7]

  Ref  DFF        r:/WORK/SYS_TOP/regfile_dut/Reg_File_reg[15][0]
  Impl DFF        i:/WORK/SYS_TOP/regfile_dut/Reg_File_reg[15][0]

  Ref  DFF        r:/WORK/SYS_TOP/regfile_dut/Reg_File_reg[15][1]
  Impl DFF        i:/WORK/SYS_TOP/regfile_dut/Reg_File_reg[15][1]

  Ref  DFF        r:/WORK/SYS_TOP/regfile_dut/Reg_File_reg[15][2]
  Impl DFF        i:/WORK/SYS_TOP/regfile_dut/Reg_File_reg[15][2]

  Ref  DFF        r:/WORK/SYS_TOP/regfile_dut/Reg_File_reg[15][3]
  Impl DFF        i:/WORK/SYS_TOP/regfile_dut/Reg_File_reg[15][3]

  Ref  DFF        r:/WORK/SYS_TOP/regfile_dut/Reg_File_reg[15][4]
  Impl DFF        i:/WORK/SYS_TOP/regfile_dut/Reg_File_reg[15][4]

  Ref  DFF        r:/WORK/SYS_TOP/regfile_dut/Reg_File_reg[15][5]
  Impl DFF        i:/WORK/SYS_TOP/regfile_dut/Reg_File_reg[15][5]

  Ref  DFF        r:/WORK/SYS_TOP/regfile_dut/Reg_File_reg[15][6]
  Impl DFF        i:/WORK/SYS_TOP/regfile_dut/Reg_File_reg[15][6]

  Ref  DFF        r:/WORK/SYS_TOP/regfile_dut/Reg_File_reg[15][7]
  Impl DFF        i:/WORK/SYS_TOP/regfile_dut/Reg_File_reg[15][7]

  Ref  DFF        r:/WORK/SYS_TOP/regfile_dut/Reg_File_reg[1][0]
  Impl DFF        i:/WORK/SYS_TOP/regfile_dut/Reg_File_reg[1][0]

  Ref  DFF        r:/WORK/SYS_TOP/regfile_dut/Reg_File_reg[1][1]
  Impl DFF        i:/WORK/SYS_TOP/regfile_dut/Reg_File_reg[1][1]

  Ref  DFF        r:/WORK/SYS_TOP/regfile_dut/Reg_File_reg[1][2]
  Impl DFF        i:/WORK/SYS_TOP/regfile_dut/Reg_File_reg[1][2]

  Ref  DFF        r:/WORK/SYS_TOP/regfile_dut/Reg_File_reg[1][3]
  Impl DFF        i:/WORK/SYS_TOP/regfile_dut/Reg_File_reg[1][3]

  Ref  DFF        r:/WORK/SYS_TOP/regfile_dut/Reg_File_reg[1][4]
  Impl DFF        i:/WORK/SYS_TOP/regfile_dut/Reg_File_reg[1][4]

  Ref  DFF        r:/WORK/SYS_TOP/regfile_dut/Reg_File_reg[1][5]
  Impl DFF        i:/WORK/SYS_TOP/regfile_dut/Reg_File_reg[1][5]

  Ref  DFF        r:/WORK/SYS_TOP/regfile_dut/Reg_File_reg[1][6]
  Impl DFF        i:/WORK/SYS_TOP/regfile_dut/Reg_File_reg[1][6]

  Ref  DFF        r:/WORK/SYS_TOP/regfile_dut/Reg_File_reg[1][7]
  Impl DFF        i:/WORK/SYS_TOP/regfile_dut/Reg_File_reg[1][7]

  Ref  DFF        r:/WORK/SYS_TOP/regfile_dut/Reg_File_reg[2][0]
  Impl DFF        i:/WORK/SYS_TOP/regfile_dut/Reg_File_reg[2][0]

  Ref  DFF        r:/WORK/SYS_TOP/regfile_dut/Reg_File_reg[2][1]
  Impl DFF        i:/WORK/SYS_TOP/regfile_dut/Reg_File_reg[2][1]

  Ref  DFF        r:/WORK/SYS_TOP/regfile_dut/Reg_File_reg[2][2]
  Impl DFF        i:/WORK/SYS_TOP/regfile_dut/Reg_File_reg[2][2]

  Ref  DFF        r:/WORK/SYS_TOP/regfile_dut/Reg_File_reg[2][3]
  Impl DFF        i:/WORK/SYS_TOP/regfile_dut/Reg_File_reg[2][3]

  Ref  DFF        r:/WORK/SYS_TOP/regfile_dut/Reg_File_reg[2][4]
  Impl DFF        i:/WORK/SYS_TOP/regfile_dut/Reg_File_reg[2][4]

  Ref  DFF        r:/WORK/SYS_TOP/regfile_dut/Reg_File_reg[2][5]
  Impl DFF        i:/WORK/SYS_TOP/regfile_dut/Reg_File_reg[2][5]

  Ref  DFF        r:/WORK/SYS_TOP/regfile_dut/Reg_File_reg[2][6]
  Impl DFF        i:/WORK/SYS_TOP/regfile_dut/Reg_File_reg[2][6]

  Ref  DFF        r:/WORK/SYS_TOP/regfile_dut/Reg_File_reg[2][7]
  Impl DFF        i:/WORK/SYS_TOP/regfile_dut/Reg_File_reg[2][7]

  Ref  DFF        r:/WORK/SYS_TOP/regfile_dut/Reg_File_reg[3][0]
  Impl DFF        i:/WORK/SYS_TOP/regfile_dut/Reg_File_reg[3][0]

  Ref  DFF        r:/WORK/SYS_TOP/regfile_dut/Reg_File_reg[3][1]
  Impl DFF        i:/WORK/SYS_TOP/regfile_dut/Reg_File_reg[3][1]

  Ref  DFF        r:/WORK/SYS_TOP/regfile_dut/Reg_File_reg[3][2]
  Impl DFF        i:/WORK/SYS_TOP/regfile_dut/Reg_File_reg[3][2]

  Ref  DFF        r:/WORK/SYS_TOP/regfile_dut/Reg_File_reg[3][3]
  Impl DFF        i:/WORK/SYS_TOP/regfile_dut/Reg_File_reg[3][3]

  Ref  DFF        r:/WORK/SYS_TOP/regfile_dut/Reg_File_reg[3][4]
  Impl DFF        i:/WORK/SYS_TOP/regfile_dut/Reg_File_reg[3][4]

  Ref  DFF        r:/WORK/SYS_TOP/regfile_dut/Reg_File_reg[3][5]
  Impl DFF        i:/WORK/SYS_TOP/regfile_dut/Reg_File_reg[3][5]

  Ref  DFF        r:/WORK/SYS_TOP/regfile_dut/Reg_File_reg[3][6]
  Impl DFF        i:/WORK/SYS_TOP/regfile_dut/Reg_File_reg[3][6]

  Ref  DFF        r:/WORK/SYS_TOP/regfile_dut/Reg_File_reg[3][7]
  Impl DFF        i:/WORK/SYS_TOP/regfile_dut/Reg_File_reg[3][7]

  Ref  DFF        r:/WORK/SYS_TOP/regfile_dut/Reg_File_reg[4][0]
  Impl DFF        i:/WORK/SYS_TOP/regfile_dut/Reg_File_reg[4][0]

  Ref  DFF        r:/WORK/SYS_TOP/regfile_dut/Reg_File_reg[4][1]
  Impl DFF        i:/WORK/SYS_TOP/regfile_dut/Reg_File_reg[4][1]

  Ref  DFF        r:/WORK/SYS_TOP/regfile_dut/Reg_File_reg[4][2]
  Impl DFF        i:/WORK/SYS_TOP/regfile_dut/Reg_File_reg[4][2]

  Ref  DFF        r:/WORK/SYS_TOP/regfile_dut/Reg_File_reg[4][3]
  Impl DFF        i:/WORK/SYS_TOP/regfile_dut/Reg_File_reg[4][3]

  Ref  DFF        r:/WORK/SYS_TOP/regfile_dut/Reg_File_reg[4][4]
  Impl DFF        i:/WORK/SYS_TOP/regfile_dut/Reg_File_reg[4][4]

  Ref  DFF        r:/WORK/SYS_TOP/regfile_dut/Reg_File_reg[4][5]
  Impl DFF        i:/WORK/SYS_TOP/regfile_dut/Reg_File_reg[4][5]

  Ref  DFF        r:/WORK/SYS_TOP/regfile_dut/Reg_File_reg[4][6]
  Impl DFF        i:/WORK/SYS_TOP/regfile_dut/Reg_File_reg[4][6]

  Ref  DFF        r:/WORK/SYS_TOP/regfile_dut/Reg_File_reg[4][7]
  Impl DFF        i:/WORK/SYS_TOP/regfile_dut/Reg_File_reg[4][7]

  Ref  DFF        r:/WORK/SYS_TOP/regfile_dut/Reg_File_reg[5][0]
  Impl DFF        i:/WORK/SYS_TOP/regfile_dut/Reg_File_reg[5][0]

  Ref  DFF        r:/WORK/SYS_TOP/regfile_dut/Reg_File_reg[5][1]
  Impl DFF        i:/WORK/SYS_TOP/regfile_dut/Reg_File_reg[5][1]

  Ref  DFF        r:/WORK/SYS_TOP/regfile_dut/Reg_File_reg[5][2]
  Impl DFF        i:/WORK/SYS_TOP/regfile_dut/Reg_File_reg[5][2]

  Ref  DFF        r:/WORK/SYS_TOP/regfile_dut/Reg_File_reg[5][3]
  Impl DFF        i:/WORK/SYS_TOP/regfile_dut/Reg_File_reg[5][3]

  Ref  DFF        r:/WORK/SYS_TOP/regfile_dut/Reg_File_reg[5][4]
  Impl DFF        i:/WORK/SYS_TOP/regfile_dut/Reg_File_reg[5][4]

  Ref  DFF        r:/WORK/SYS_TOP/regfile_dut/Reg_File_reg[5][5]
  Impl DFF        i:/WORK/SYS_TOP/regfile_dut/Reg_File_reg[5][5]

  Ref  DFF        r:/WORK/SYS_TOP/regfile_dut/Reg_File_reg[5][6]
  Impl DFF        i:/WORK/SYS_TOP/regfile_dut/Reg_File_reg[5][6]

  Ref  DFF        r:/WORK/SYS_TOP/regfile_dut/Reg_File_reg[5][7]
  Impl DFF        i:/WORK/SYS_TOP/regfile_dut/Reg_File_reg[5][7]

  Ref  DFF        r:/WORK/SYS_TOP/regfile_dut/Reg_File_reg[6][0]
  Impl DFF        i:/WORK/SYS_TOP/regfile_dut/Reg_File_reg[6][0]

  Ref  DFF        r:/WORK/SYS_TOP/regfile_dut/Reg_File_reg[6][1]
  Impl DFF        i:/WORK/SYS_TOP/regfile_dut/Reg_File_reg[6][1]

  Ref  DFF        r:/WORK/SYS_TOP/regfile_dut/Reg_File_reg[6][2]
  Impl DFF        i:/WORK/SYS_TOP/regfile_dut/Reg_File_reg[6][2]

  Ref  DFF        r:/WORK/SYS_TOP/regfile_dut/Reg_File_reg[6][3]
  Impl DFF        i:/WORK/SYS_TOP/regfile_dut/Reg_File_reg[6][3]

  Ref  DFF        r:/WORK/SYS_TOP/regfile_dut/Reg_File_reg[6][4]
  Impl DFF        i:/WORK/SYS_TOP/regfile_dut/Reg_File_reg[6][4]

  Ref  DFF        r:/WORK/SYS_TOP/regfile_dut/Reg_File_reg[6][5]
  Impl DFF        i:/WORK/SYS_TOP/regfile_dut/Reg_File_reg[6][5]

  Ref  DFF        r:/WORK/SYS_TOP/regfile_dut/Reg_File_reg[6][6]
  Impl DFF        i:/WORK/SYS_TOP/regfile_dut/Reg_File_reg[6][6]

  Ref  DFF        r:/WORK/SYS_TOP/regfile_dut/Reg_File_reg[6][7]
  Impl DFF        i:/WORK/SYS_TOP/regfile_dut/Reg_File_reg[6][7]

  Ref  DFF        r:/WORK/SYS_TOP/regfile_dut/Reg_File_reg[7][0]
  Impl DFF        i:/WORK/SYS_TOP/regfile_dut/Reg_File_reg[7][0]

  Ref  DFF        r:/WORK/SYS_TOP/regfile_dut/Reg_File_reg[7][1]
  Impl DFF        i:/WORK/SYS_TOP/regfile_dut/Reg_File_reg[7][1]

  Ref  DFF        r:/WORK/SYS_TOP/regfile_dut/Reg_File_reg[7][2]
  Impl DFF        i:/WORK/SYS_TOP/regfile_dut/Reg_File_reg[7][2]

  Ref  DFF        r:/WORK/SYS_TOP/regfile_dut/Reg_File_reg[7][3]
  Impl DFF        i:/WORK/SYS_TOP/regfile_dut/Reg_File_reg[7][3]

  Ref  DFF        r:/WORK/SYS_TOP/regfile_dut/Reg_File_reg[7][4]
  Impl DFF        i:/WORK/SYS_TOP/regfile_dut/Reg_File_reg[7][4]

  Ref  DFF        r:/WORK/SYS_TOP/regfile_dut/Reg_File_reg[7][5]
  Impl DFF        i:/WORK/SYS_TOP/regfile_dut/Reg_File_reg[7][5]

  Ref  DFF        r:/WORK/SYS_TOP/regfile_dut/Reg_File_reg[7][6]
  Impl DFF        i:/WORK/SYS_TOP/regfile_dut/Reg_File_reg[7][6]

  Ref  DFF        r:/WORK/SYS_TOP/regfile_dut/Reg_File_reg[7][7]
  Impl DFF        i:/WORK/SYS_TOP/regfile_dut/Reg_File_reg[7][7]

  Ref  DFF        r:/WORK/SYS_TOP/regfile_dut/Reg_File_reg[8][0]
  Impl DFF        i:/WORK/SYS_TOP/regfile_dut/Reg_File_reg[8][0]

  Ref  DFF        r:/WORK/SYS_TOP/regfile_dut/Reg_File_reg[8][1]
  Impl DFF        i:/WORK/SYS_TOP/regfile_dut/Reg_File_reg[8][1]

  Ref  DFF        r:/WORK/SYS_TOP/regfile_dut/Reg_File_reg[8][2]
  Impl DFF        i:/WORK/SYS_TOP/regfile_dut/Reg_File_reg[8][2]

  Ref  DFF        r:/WORK/SYS_TOP/regfile_dut/Reg_File_reg[8][3]
  Impl DFF        i:/WORK/SYS_TOP/regfile_dut/Reg_File_reg[8][3]

  Ref  DFF        r:/WORK/SYS_TOP/regfile_dut/Reg_File_reg[8][4]
  Impl DFF        i:/WORK/SYS_TOP/regfile_dut/Reg_File_reg[8][4]

  Ref  DFF        r:/WORK/SYS_TOP/regfile_dut/Reg_File_reg[8][5]
  Impl DFF        i:/WORK/SYS_TOP/regfile_dut/Reg_File_reg[8][5]

  Ref  DFF        r:/WORK/SYS_TOP/regfile_dut/Reg_File_reg[8][6]
  Impl DFF        i:/WORK/SYS_TOP/regfile_dut/Reg_File_reg[8][6]

  Ref  DFF        r:/WORK/SYS_TOP/regfile_dut/Reg_File_reg[8][7]
  Impl DFF        i:/WORK/SYS_TOP/regfile_dut/Reg_File_reg[8][7]

  Ref  DFF        r:/WORK/SYS_TOP/regfile_dut/Reg_File_reg[9][0]
  Impl DFF        i:/WORK/SYS_TOP/regfile_dut/Reg_File_reg[9][0]

  Ref  DFF        r:/WORK/SYS_TOP/regfile_dut/Reg_File_reg[9][1]
  Impl DFF        i:/WORK/SYS_TOP/regfile_dut/Reg_File_reg[9][1]

  Ref  DFF        r:/WORK/SYS_TOP/regfile_dut/Reg_File_reg[9][2]
  Impl DFF        i:/WORK/SYS_TOP/regfile_dut/Reg_File_reg[9][2]

  Ref  DFF        r:/WORK/SYS_TOP/regfile_dut/Reg_File_reg[9][3]
  Impl DFF        i:/WORK/SYS_TOP/regfile_dut/Reg_File_reg[9][3]

  Ref  DFF        r:/WORK/SYS_TOP/regfile_dut/Reg_File_reg[9][4]
  Impl DFF        i:/WORK/SYS_TOP/regfile_dut/Reg_File_reg[9][4]

  Ref  DFF        r:/WORK/SYS_TOP/regfile_dut/Reg_File_reg[9][5]
  Impl DFF        i:/WORK/SYS_TOP/regfile_dut/Reg_File_reg[9][5]

  Ref  DFF        r:/WORK/SYS_TOP/regfile_dut/Reg_File_reg[9][6]
  Impl DFF        i:/WORK/SYS_TOP/regfile_dut/Reg_File_reg[9][6]

  Ref  DFF        r:/WORK/SYS_TOP/regfile_dut/Reg_File_reg[9][7]
  Impl DFF        i:/WORK/SYS_TOP/regfile_dut/Reg_File_reg[9][7]

  Ref  DFF        r:/WORK/SYS_TOP/regfile_dut/d_valid_reg
  Impl DFF        i:/WORK/SYS_TOP/regfile_dut/d_valid_reg

  Ref  DFF        r:/WORK/SYS_TOP/rst_1_dut/stages_reg[0]
  Impl DFF        i:/WORK/SYS_TOP/rst_1_dut/stages_reg[0]

  Ref  DFF        r:/WORK/SYS_TOP/rst_1_dut/stages_reg[1]
  Impl DFF        i:/WORK/SYS_TOP/rst_1_dut/stages_reg[1]

  Ref  DFF        r:/WORK/SYS_TOP/rst_2_dut/stages_reg[0]
  Impl DFF        i:/WORK/SYS_TOP/rst_2_dut/stages_reg[0]

  Ref  DFF        r:/WORK/SYS_TOP/rst_2_dut/stages_reg[1]
  Impl DFF        i:/WORK/SYS_TOP/rst_2_dut/stages_reg[1]

  Ref  DFF        r:/WORK/SYS_TOP/uart_dut/RX/U0_data_sampling/Samples_reg[0]
  Impl DFF        i:/WORK/SYS_TOP/uart_dut/RX/U0_data_sampling/Samples_reg[0]

  Ref  DFF        r:/WORK/SYS_TOP/uart_dut/RX/U0_data_sampling/Samples_reg[1]
  Impl DFF        i:/WORK/SYS_TOP/uart_dut/RX/U0_data_sampling/Samples_reg[1]

  Ref  DFF        r:/WORK/SYS_TOP/uart_dut/RX/U0_data_sampling/Samples_reg[2]
  Impl DFF        i:/WORK/SYS_TOP/uart_dut/RX/U0_data_sampling/Samples_reg[2]

  Ref  DFF        r:/WORK/SYS_TOP/uart_dut/RX/U0_data_sampling/sampled_bit_reg
  Impl DFF        i:/WORK/SYS_TOP/uart_dut/RX/U0_data_sampling/sampled_bit_reg

  Ref  DFF        r:/WORK/SYS_TOP/uart_dut/RX/U0_deserializer/P_DATA_reg[0]
  Impl DFF        i:/WORK/SYS_TOP/uart_dut/RX/U0_deserializer/P_DATA_reg[0]

  Ref  DFF        r:/WORK/SYS_TOP/uart_dut/RX/U0_deserializer/P_DATA_reg[1]
  Impl DFF        i:/WORK/SYS_TOP/uart_dut/RX/U0_deserializer/P_DATA_reg[1]

  Ref  DFF        r:/WORK/SYS_TOP/uart_dut/RX/U0_deserializer/P_DATA_reg[2]
  Impl DFF        i:/WORK/SYS_TOP/uart_dut/RX/U0_deserializer/P_DATA_reg[2]

  Ref  DFF        r:/WORK/SYS_TOP/uart_dut/RX/U0_deserializer/P_DATA_reg[3]
  Impl DFF        i:/WORK/SYS_TOP/uart_dut/RX/U0_deserializer/P_DATA_reg[3]

  Ref  DFF        r:/WORK/SYS_TOP/uart_dut/RX/U0_deserializer/P_DATA_reg[4]
  Impl DFF        i:/WORK/SYS_TOP/uart_dut/RX/U0_deserializer/P_DATA_reg[4]

  Ref  DFF        r:/WORK/SYS_TOP/uart_dut/RX/U0_deserializer/P_DATA_reg[5]
  Impl DFF        i:/WORK/SYS_TOP/uart_dut/RX/U0_deserializer/P_DATA_reg[5]

  Ref  DFF        r:/WORK/SYS_TOP/uart_dut/RX/U0_deserializer/P_DATA_reg[6]
  Impl DFF        i:/WORK/SYS_TOP/uart_dut/RX/U0_deserializer/P_DATA_reg[6]

  Ref  DFF        r:/WORK/SYS_TOP/uart_dut/RX/U0_deserializer/P_DATA_reg[7]
  Impl DFF        i:/WORK/SYS_TOP/uart_dut/RX/U0_deserializer/P_DATA_reg[7]

  Ref  DFF        r:/WORK/SYS_TOP/uart_dut/RX/U0_edge_bit_counter/bit_count_reg[0]
  Impl DFF        i:/WORK/SYS_TOP/uart_dut/RX/U0_edge_bit_counter/bit_count_reg[0]

  Ref  DFF        r:/WORK/SYS_TOP/uart_dut/RX/U0_edge_bit_counter/bit_count_reg[1]
  Impl DFF        i:/WORK/SYS_TOP/uart_dut/RX/U0_edge_bit_counter/bit_count_reg[1]

  Ref  DFF        r:/WORK/SYS_TOP/uart_dut/RX/U0_edge_bit_counter/bit_count_reg[2]
  Impl DFF        i:/WORK/SYS_TOP/uart_dut/RX/U0_edge_bit_counter/bit_count_reg[2]

  Ref  DFF        r:/WORK/SYS_TOP/uart_dut/RX/U0_edge_bit_counter/bit_count_reg[3]
  Impl DFF        i:/WORK/SYS_TOP/uart_dut/RX/U0_edge_bit_counter/bit_count_reg[3]

  Ref  DFF        r:/WORK/SYS_TOP/uart_dut/RX/U0_edge_bit_counter/edge_count_reg[0]
  Impl DFF        i:/WORK/SYS_TOP/uart_dut/RX/U0_edge_bit_counter/edge_count_reg[0]

  Ref  DFF        r:/WORK/SYS_TOP/uart_dut/RX/U0_edge_bit_counter/edge_count_reg[1]
  Impl DFF        i:/WORK/SYS_TOP/uart_dut/RX/U0_edge_bit_counter/edge_count_reg[1]

  Ref  DFF        r:/WORK/SYS_TOP/uart_dut/RX/U0_edge_bit_counter/edge_count_reg[2]
  Impl DFF        i:/WORK/SYS_TOP/uart_dut/RX/U0_edge_bit_counter/edge_count_reg[2]

  Ref  DFF        r:/WORK/SYS_TOP/uart_dut/RX/U0_edge_bit_counter/edge_count_reg[3]
  Impl DFF        i:/WORK/SYS_TOP/uart_dut/RX/U0_edge_bit_counter/edge_count_reg[3]

  Ref  DFF        r:/WORK/SYS_TOP/uart_dut/RX/U0_edge_bit_counter/edge_count_reg[4]
  Impl DFF        i:/WORK/SYS_TOP/uart_dut/RX/U0_edge_bit_counter/edge_count_reg[4]

  Ref  DFF        r:/WORK/SYS_TOP/uart_dut/RX/U0_edge_bit_counter/edge_count_reg[5]
  Impl DFF        i:/WORK/SYS_TOP/uart_dut/RX/U0_edge_bit_counter/edge_count_reg[5]

  Ref  DFF        r:/WORK/SYS_TOP/uart_dut/RX/U0_par_chk/par_err_reg
  Impl DFF        i:/WORK/SYS_TOP/uart_dut/RX/U0_par_chk/par_err_reg

  Ref  DFF        r:/WORK/SYS_TOP/uart_dut/RX/U0_stp_chk/stp_err_reg
  Impl DFF        i:/WORK/SYS_TOP/uart_dut/RX/U0_stp_chk/stp_err_reg

  Ref  DFF        r:/WORK/SYS_TOP/uart_dut/RX/U0_strt_chk/strt_glitch_reg
  Impl DFF        i:/WORK/SYS_TOP/uart_dut/RX/U0_strt_chk/strt_glitch_reg

  Ref  DFF        r:/WORK/SYS_TOP/uart_dut/RX/U0_uart_fsm/current_state_reg[0]
  Impl DFF        i:/WORK/SYS_TOP/uart_dut/RX/U0_uart_fsm/current_state_reg[0]

  Ref  DFF        r:/WORK/SYS_TOP/uart_dut/RX/U0_uart_fsm/current_state_reg[1]
  Impl DFF        i:/WORK/SYS_TOP/uart_dut/RX/U0_uart_fsm/current_state_reg[1]

  Ref  DFF        r:/WORK/SYS_TOP/uart_dut/RX/U0_uart_fsm/current_state_reg[2]
  Impl DFF        i:/WORK/SYS_TOP/uart_dut/RX/U0_uart_fsm/current_state_reg[2]

  Ref  DFF        r:/WORK/SYS_TOP/uart_dut/TX/FSM_1_tb/BUSY_reg
  Impl DFF        i:/WORK/SYS_TOP/uart_dut/TX/FSM_1_tb/BUSY_reg

  Ref  DFF        r:/WORK/SYS_TOP/uart_dut/TX/FSM_1_tb/current_state_reg[0]
  Impl DFF        i:/WORK/SYS_TOP/uart_dut/TX/FSM_1_tb/current_state_reg[0]

  Ref  DFF        r:/WORK/SYS_TOP/uart_dut/TX/FSM_1_tb/current_state_reg[1]
  Impl DFF        i:/WORK/SYS_TOP/uart_dut/TX/FSM_1_tb/current_state_reg[1]

  Ref  DFF        r:/WORK/SYS_TOP/uart_dut/TX/FSM_1_tb/current_state_reg[2]
  Impl DFF        i:/WORK/SYS_TOP/uart_dut/TX/FSM_1_tb/current_state_reg[2]

  Ref  DFF        r:/WORK/SYS_TOP/uart_dut/TX/MUX_1_tb/TX_OUT_reg
  Impl DFF        i:/WORK/SYS_TOP/uart_dut/TX/MUX_1_tb/TX_OUT_reg

  Ref  DFF        r:/WORK/SYS_TOP/uart_dut/TX/PARITY_CALC_1_tb/DATA_reg[0]
  Impl DFF        i:/WORK/SYS_TOP/uart_dut/TX/PARITY_CALC_1_tb/DATA_reg[0]

  Ref  DFF        r:/WORK/SYS_TOP/uart_dut/TX/PARITY_CALC_1_tb/DATA_reg[1]
  Impl DFF        i:/WORK/SYS_TOP/uart_dut/TX/PARITY_CALC_1_tb/DATA_reg[1]

  Ref  DFF        r:/WORK/SYS_TOP/uart_dut/TX/PARITY_CALC_1_tb/DATA_reg[2]
  Impl DFF        i:/WORK/SYS_TOP/uart_dut/TX/PARITY_CALC_1_tb/DATA_reg[2]

  Ref  DFF        r:/WORK/SYS_TOP/uart_dut/TX/PARITY_CALC_1_tb/DATA_reg[3]
  Impl DFF        i:/WORK/SYS_TOP/uart_dut/TX/PARITY_CALC_1_tb/DATA_reg[3]

  Ref  DFF        r:/WORK/SYS_TOP/uart_dut/TX/PARITY_CALC_1_tb/DATA_reg[4]
  Impl DFF        i:/WORK/SYS_TOP/uart_dut/TX/PARITY_CALC_1_tb/DATA_reg[4]

  Ref  DFF        r:/WORK/SYS_TOP/uart_dut/TX/PARITY_CALC_1_tb/DATA_reg[5]
  Impl DFF        i:/WORK/SYS_TOP/uart_dut/TX/PARITY_CALC_1_tb/DATA_reg[5]

  Ref  DFF        r:/WORK/SYS_TOP/uart_dut/TX/PARITY_CALC_1_tb/DATA_reg[6]
  Impl DFF        i:/WORK/SYS_TOP/uart_dut/TX/PARITY_CALC_1_tb/DATA_reg[6]

  Ref  DFF        r:/WORK/SYS_TOP/uart_dut/TX/PARITY_CALC_1_tb/DATA_reg[7]
  Impl DFF        i:/WORK/SYS_TOP/uart_dut/TX/PARITY_CALC_1_tb/DATA_reg[7]

  Ref  DFF        r:/WORK/SYS_TOP/uart_dut/TX/PARITY_CALC_1_tb/par_bit_reg
  Impl DFF        i:/WORK/SYS_TOP/uart_dut/TX/PARITY_CALC_1_tb/par_bit_reg

  Ref  DFF        r:/WORK/SYS_TOP/uart_dut/TX/SERIALIZER_1_tb/bit_count_reg[0]
  Impl DFF        i:/WORK/SYS_TOP/uart_dut/TX/SERIALIZER_1_tb/bit_count_reg[0]

  Ref  DFF        r:/WORK/SYS_TOP/uart_dut/TX/SERIALIZER_1_tb/bit_count_reg[1]
  Impl DFF        i:/WORK/SYS_TOP/uart_dut/TX/SERIALIZER_1_tb/bit_count_reg[1]

  Ref  DFF        r:/WORK/SYS_TOP/uart_dut/TX/SERIALIZER_1_tb/bit_count_reg[2]
  Impl DFF        i:/WORK/SYS_TOP/uart_dut/TX/SERIALIZER_1_tb/bit_count_reg[2]

  Ref  DFF        r:/WORK/SYS_TOP/uart_dut/TX/SERIALIZER_1_tb/shift_reg_reg[0]
  Impl DFF        i:/WORK/SYS_TOP/uart_dut/TX/SERIALIZER_1_tb/shift_reg_reg[0]

  Ref  DFF        r:/WORK/SYS_TOP/uart_dut/TX/SERIALIZER_1_tb/shift_reg_reg[1]
  Impl DFF        i:/WORK/SYS_TOP/uart_dut/TX/SERIALIZER_1_tb/shift_reg_reg[1]

  Ref  DFF        r:/WORK/SYS_TOP/uart_dut/TX/SERIALIZER_1_tb/shift_reg_reg[2]
  Impl DFF        i:/WORK/SYS_TOP/uart_dut/TX/SERIALIZER_1_tb/shift_reg_reg[2]

  Ref  DFF        r:/WORK/SYS_TOP/uart_dut/TX/SERIALIZER_1_tb/shift_reg_reg[3]
  Impl DFF        i:/WORK/SYS_TOP/uart_dut/TX/SERIALIZER_1_tb/shift_reg_reg[3]

  Ref  DFF        r:/WORK/SYS_TOP/uart_dut/TX/SERIALIZER_1_tb/shift_reg_reg[4]
  Impl DFF        i:/WORK/SYS_TOP/uart_dut/TX/SERIALIZER_1_tb/shift_reg_reg[4]

  Ref  DFF        r:/WORK/SYS_TOP/uart_dut/TX/SERIALIZER_1_tb/shift_reg_reg[5]
  Impl DFF        i:/WORK/SYS_TOP/uart_dut/TX/SERIALIZER_1_tb/shift_reg_reg[5]

  Ref  DFF        r:/WORK/SYS_TOP/uart_dut/TX/SERIALIZER_1_tb/shift_reg_reg[6]
  Impl DFF        i:/WORK/SYS_TOP/uart_dut/TX/SERIALIZER_1_tb/shift_reg_reg[6]

  Ref  DFF        r:/WORK/SYS_TOP/uart_dut/TX/SERIALIZER_1_tb/shift_reg_reg[7]
  Impl DFF        i:/WORK/SYS_TOP/uart_dut/TX/SERIALIZER_1_tb/shift_reg_reg[7]

  Ref  Port       r:/WORK/SYS_TOP/UART_TX_O
  Impl Port       i:/WORK/SYS_TOP/UART_TX_O

  Ref  Port       r:/WORK/SYS_TOP/framing_error
  Impl Port       i:/WORK/SYS_TOP/framing_error

  Ref  Port       r:/WORK/SYS_TOP/parritty_error
  Impl Port       i:/WORK/SYS_TOP/parritty_error

 [BBNet: multiply-driven net
  BBPin: black-box pin
  Cut:   cut-point
  DFF:   non-constant DFF register
  DFF0:  constant 0 DFF register
  DFF1:  constant 1 DFF register
  DFFX:  constant X DFF register
  DFF0X: constrained 0X DFF register
  DFF1X: constrained 1X DFF register
  LAT:   non-constant latch register
  LAT0:  constant 0 latch register
  LAT1:  constant 1 latch register
  LATX:  constant X latch register
  LAT0X: constrained 0X latch register
  LAT1X: constrained 1X latch register
  LATCG: clock-gating latch register
  TLA:   transparent latch register
  TLA0X: transparent constrained 0X latch register
  TLA1X: transparent constrained 1X latch register
  Loop:  cycle break point
  Port:  primary (top-level) port
  Und:   undriven signal cut-point
  Unk:   unknown signal cut-point]

1
