 
****************************************
Report : area
Design : SYS_TOP
Version: K-2015.06
Date   : Mon Sep 29 20:45:40 2025
****************************************

Library(s) Used:

    scmetro_tsmc_cl013g_rvt_ss_1p08v_125c (File: /home/IC/tsmc_fb_cl013g_sc/aci/sc-m/synopsys/scmetro_tsmc_cl013g_rvt_ss_1p08v_125c.db)

Number of ports:                          701
Number of nets:                          2491
Number of cells:                         1779
Number of combinational cells:           1396
Number of sequential cells:               347
Number of macros/black boxes:               0
Number of buf/inv:                        326
Number of references:                      19

Combinational area:              13266.116009
Buf/Inv area:                     1566.187723
Noncombinational area:            8931.152916
Macro/Black Box area:                0.000000
Net Interconnect area:          670743.316895

Total cell area:                 22197.268925
Total area:                     692940.585820

Hierarchical area distribution
------------------------------

                                  Global cell area            Local cell area
                                  -------------------  ----------------------------- 
Hierarchical cell                 Absolute    Percent  Combi-      Noncombi-  Black-
                                  Total       Total    national    national   boxes   Design
--------------------------------  ----------  -------  ----------  ---------  ------  --------------------
SYS_TOP                           22197.2689    100.0    131.7904     0.0000  0.0000  SYS_TOP
ALU_dut                            4322.0191     19.5   1255.5389   232.9866  0.0000  ALU_16B
ALU_dut/add_27                      222.3963      1.0    222.3963     0.0000  0.0000  ALU_16B_DW01_add_0
ALU_dut/div_39                     1423.8070      6.4   1423.8070     0.0000  0.0000  ALU_16B_DW_div_uns_0
ALU_dut/mult_35                     936.6532      4.2    936.6532     0.0000  0.0000  ALU_16B_DW02_mult_0
ALU_dut/sub_31                      250.6371      1.1    250.6371     0.0000  0.0000  ALU_16B_DW01_sub_0
DATA_SYNC_dut                       387.1343      1.7    102.3729   284.7614  0.0000  DATA_SYNC
async_fifo_fifo                    4232.5899     19.1      7.0602     0.0000  0.0000  Async_fifo
async_fifo_fifo/u_fifo_mem         3005.2918     13.5   1348.4982  1656.7936  0.0000  fifo_mem
async_fifo_fifo/u_fifo_rd           395.3712      1.8    172.9749   222.3963  0.0000  fifo_rd
async_fifo_fifo/u_fifo_wr           394.1945      1.8    181.2118   212.9827  0.0000  fifo_wr
async_fifo_fifo/u_r2w_sync          215.3361      1.0      8.2369   207.0992  0.0000  DF_Sync_1
async_fifo_fifo/u_w2r_sync          215.3361      1.0      8.2369   207.0992  0.0000  DF_Sync_0
clk_div_rx_dut                      791.9191      3.6    465.9732   234.1633  0.0000  CLK_DIV_1
clk_div_rx_dut/add_49                91.7826      0.4     91.7826     0.0000  0.0000  CLK_DIV_1_DW01_inc_0
clk_div_tx_dut                      791.9191      3.6    465.9732   234.1633  0.0000  CLK_DIV_0
clk_div_tx_dut/add_49                91.7826      0.4     91.7826     0.0000  0.0000  CLK_DIV_0_DW01_inc_0
clk_gate_dut                         22.3573      0.1      5.8835    16.4738  0.0000  CLK_GATE
controller_dut                     1035.4960      4.7    793.0958   242.4002  0.0000  controller
pulse_gen_dut                        57.6583      0.3      5.8835    51.7748  0.0000  PULSE_GEN
regfile_dut                        6480.0869     29.2   2921.7462  3558.3408  0.0000  REGISTER_FILE
rst_1_dut                            51.7748      0.2      0.0000    51.7748  0.0000  RST_SYNC_0
rst_2_dut                            51.7748      0.2      0.0000    51.7748  0.0000  RST_SYNC_1
uart_dut                           3840.7488     17.3      0.0000     0.0000  0.0000  UART
uart_dut/RX                        2638.1614     11.9      8.2369     0.0000  0.0000  UART_RX
uart_dut/RX/U0_data_sampling        626.0044      2.8    507.1577   118.8467  0.0000  data_sampling
uart_dut/RX/U0_deserializer         467.1499      2.1    247.1070   220.0429  0.0000  deserializer
uart_dut/RX/U0_edge_bit_counter     702.4899      3.2    405.9615   296.5284  0.0000  edge_bit_counter
uart_dut/RX/U0_par_chk              141.2040      0.6    110.6098    30.5942  0.0000  par_chk
uart_dut/RX/U0_stp_chk               42.3612      0.2     11.7670    30.5942  0.0000  stp_chk
uart_dut/RX/U0_strt_chk              42.3612      0.2     11.7670    30.5942  0.0000  strt_chk
uart_dut/RX/U0_uart_fsm             608.3539      2.7    516.5713    91.7826  0.0000  uart_rx_fsm
uart_dut/TX                        1202.5874      5.4      7.0602     0.0000  0.0000  UART_TX_1
uart_dut/TX/FSM_1_tb                195.3322      0.9     91.7826   103.5496  0.0000  FSM_1
uart_dut/TX/MUX_1_tb                 47.0680      0.2     21.1806    25.8874  0.0000  MUX_1
uart_dut/TX/PARITY_CALC_1_tb        450.6761      2.0    217.6895   232.9866  0.0000  PARITY_CALC_1
uart_dut/TX/SERIALIZER_1_tb         502.4509      2.3    217.6895   284.7614  0.0000  SERIALIZER_1
--------------------------------  ----------  -------  ----------  ---------  ------  --------------------
Total                                                  13266.1160  8931.1529  0.0000

1
