 
****************************************
Report : timing
        -path full
        -delay min
        -max_paths 1
Design : SYS_TOP
Version: K-2015.06
Date   : Mon Sep 29 21:07:16 2025
****************************************

Operating Conditions: scmetro_tsmc_cl013g_rvt_ff_1p32v_m40c   Library: scmetro_tsmc_cl013g_rvt_ff_1p32v_m40c
Wire Load Model Mode: top

  Startpoint: controller_dut/addr_hold_reg[3]
              (rising edge-triggered flip-flop clocked by S_CLK)
  Endpoint: controller_dut/current_state_reg[0]
            (rising edge-triggered flip-flop clocked by S_CLK)
  Path Group: S_CLK
  Path Type: min

  Des/Clust/Port     Wire Load Model       Library
  ------------------------------------------------
  SYS_TOP            tsmc13_wl30           scmetro_tsmc_cl013g_rvt_ss_1p08v_125c

  Point                                                   Incr       Path
  --------------------------------------------------------------------------
  clock S_CLK (rise edge)                                 0.00       0.00
  clock network delay (ideal)                             0.00       0.00
  controller_dut/addr_hold_reg[3]/CK (SDFFRX1M)           0.00       0.00 r
  controller_dut/addr_hold_reg[3]/Q (SDFFRX1M)            0.73       0.73 r
  controller_dut/current_state_reg[0]/SI (SDFFRQX4M)      0.00       0.73 r
  data arrival time                                                  0.73

  clock S_CLK (rise edge)                                 0.00       0.00
  clock network delay (ideal)                             0.00       0.00
  clock uncertainty                                       0.10       0.10
  controller_dut/current_state_reg[0]/CK (SDFFRQX4M)      0.00       0.10 r
  library hold time                                      -0.21      -0.11
  data required time                                                -0.11
  --------------------------------------------------------------------------
  data required time                                                -0.11
  data arrival time                                                 -0.73
  --------------------------------------------------------------------------
  slack (MET)                                                        0.84


1
