                                        
                           Design Compiler Graphical 
                                 DC Ultra (TM)
                                  DFTMAX (TM)
                              Power Compiler (TM)
                                 DesignWare (R)
                                 DC Expert (TM)
                               Design Vision (TM)
                               HDL Compiler (TM)
                               VHDL Compiler (TM)
                                  DFT Compiler
                               Design Compiler(R)
                                        
                 Version K-2015.06 for linux64 - May 28, 2015 
                                        
                    Copyright (c) 1988 - 2015 Synopsys, Inc.
   This software and the associated documentation are proprietary to Synopsys,
 Inc. This software may only be used in accordance with the terms and conditions
 of a written license agreement with Synopsys, Inc. All other use, reproduction,
            or distribution of this software is strictly prohibited.
Initializing...
Initializing gui preferences from file  /home/IC/.synopsys_dv_prefs.tcl
########################### Define Top Module ############################
set top_module SYS_TOP
SYS_TOP
##################### Define Working Library Directory ######################
define_design_lib work -path ./work
1
############################# Formality Setup File ##########################
set_svf $top_module.svf
1
################## Design Compiler Library Files #setup ######################
puts "###########################################"
###########################################
puts "#      #setting Design Libraries          #"
#      #setting Design Libraries          #
puts "###########################################"
###########################################
#Add the path of the libraries to the search_path variable
lappend search_path /home/IC/tsmc_fb_cl013g_sc/aci/sc-m/synopsys
. /opt/Synopsys/Synplify2015/libraries/syn /opt/Synopsys/Synplify2015/minpower/syn /opt/Synopsys/Synplify2015/dw/syn_ver /opt/Synopsys/Synplify2015/dw/sim_ver /home/IC/tsmc_fb_cl013g_sc/aci/sc-m/synopsys
set SSLIB "scmetro_tsmc_cl013g_rvt_ss_1p08v_125c.db"
scmetro_tsmc_cl013g_rvt_ss_1p08v_125c.db
set TTLIB "scmetro_tsmc_cl013g_rvt_tt_1p2v_25c.db"
scmetro_tsmc_cl013g_rvt_tt_1p2v_25c.db
set FFLIB "scmetro_tsmc_cl013g_rvt_ff_1p32v_m40c.db"
scmetro_tsmc_cl013g_rvt_ff_1p32v_m40c.db
## Standard Cell libraries 
set target_library [list $SSLIB $TTLIB $FFLIB]
scmetro_tsmc_cl013g_rvt_ss_1p08v_125c.db scmetro_tsmc_cl013g_rvt_tt_1p2v_25c.db scmetro_tsmc_cl013g_rvt_ff_1p32v_m40c.db
## Standard Cell & Hard Macros libraries 
set link_library [list * $SSLIB $TTLIB $FFLIB]  
* scmetro_tsmc_cl013g_rvt_ss_1p08v_125c.db scmetro_tsmc_cl013g_rvt_tt_1p2v_25c.db scmetro_tsmc_cl013g_rvt_ff_1p32v_m40c.db
######################## Reading RTL Files #################################
puts "###########################################"
###########################################
puts "#             Reading RTL Files           #"
#             Reading RTL Files           #
puts "###########################################"
###########################################
set file_format verilog
verilog
set fh [open system.lst r+]
file11
set rtl [read $fh]
/home/IC/assignments/ass_system/rtl/ALU_16B.v
/home/IC/assignments/ass_system/rtl/Async_fifo.v
/home/IC/assignments/ass_system/rtl/CLK_DIV.v
/home/IC/assignments/ass_system/rtl/CLK_GATE.v
/home/IC/assignments/ass_system/rtl/controller.v
/home/IC/assignments/ass_system/rtl/DATA_SAMPLING_1.v
/home/IC/assignments/ass_system/rtl/DATA_SYNC.v
/home/IC/assignments/ass_system/rtl/DESERIALIZER_1.v
/home/IC/assignments/ass_system/rtl/DF_Sync.v
/home/IC/assignments/ass_system/rtl/EDGE_BIT_COUNTER_1.v
/home/IC/assignments/ass_system/rtl/fifo_mem.v
/home/IC/assignments/ass_system/rtl/fifo_rd.v
/home/IC/assignments/ass_system/rtl/fifo_wr.v
/home/IC/assignments/ass_system/rtl/FSM_1.v
/home/IC/assignments/ass_system/rtl/FSM_rx_1.v
/home/IC/assignments/ass_system/rtl/MUX_1.v
/home/IC/assignments/ass_system/rtl/PARITY_CALC_1.v
/home/IC/assignments/ass_system/rtl/PARITY_CHECK_1.v
/home/IC/assignments/ass_system/rtl/PULSE_GEN.v
/home/IC/assignments/ass_system/rtl/REGISTER_FILE.v
/home/IC/assignments/ass_system/rtl/RST_SYNC.v
/home/IC/assignments/ass_system/rtl/SERIALIZER_1.v
/home/IC/assignments/ass_system/rtl/START_CHECK_1.v
/home/IC/assignments/ass_system/rtl/STOP_CHECK_1.v
/home/IC/assignments/ass_system/rtl/UART_RX_TOP.v
/home/IC/assignments/ass_system/rtl/UART_TOP.v
/home/IC/assignments/ass_system/rtl/UART_TX_1.v
/home/IC/assignments/ass_system/rtl/SYS_TOP.v
/home/IC/assignments/ass_system/rtl/mux2X1.v

set designs ""
regsub -all "\n" $rtl " " designs
29
read_file -format $file_format $designs
Loading db file '/home/IC/tsmc_fb_cl013g_sc/aci/sc-m/synopsys/scmetro_tsmc_cl013g_rvt_ss_1p08v_125c.db'
Loading db file '/home/IC/tsmc_fb_cl013g_sc/aci/sc-m/synopsys/scmetro_tsmc_cl013g_rvt_tt_1p2v_25c.db'
Loading db file '/home/IC/tsmc_fb_cl013g_sc/aci/sc-m/synopsys/scmetro_tsmc_cl013g_rvt_ff_1p32v_m40c.db'
Loading db file '/opt/Synopsys/Synplify2015/libraries/syn/gtech.db'
Loading db file '/opt/Synopsys/Synplify2015/libraries/syn/standard.sldb'
  Loading link library 'scmetro_tsmc_cl013g_rvt_ss_1p08v_125c'
  Loading link library 'scmetro_tsmc_cl013g_rvt_tt_1p2v_25c'
  Loading link library 'scmetro_tsmc_cl013g_rvt_ff_1p32v_m40c'
  Loading link library 'gtech'
Loading verilog files: '/home/IC/assignments/ass_system/rtl/ALU_16B.v' '/home/IC/assignments/ass_system/rtl/Async_fifo.v' '/home/IC/assignments/ass_system/rtl/CLK_DIV.v' '/home/IC/assignments/ass_system/rtl/CLK_GATE.v' '/home/IC/assignments/ass_system/rtl/controller.v' '/home/IC/assignments/ass_system/rtl/DATA_SAMPLING_1.v' '/home/IC/assignments/ass_system/rtl/DATA_SYNC.v' '/home/IC/assignments/ass_system/rtl/DESERIALIZER_1.v' '/home/IC/assignments/ass_system/rtl/DF_Sync.v' '/home/IC/assignments/ass_system/rtl/EDGE_BIT_COUNTER_1.v' '/home/IC/assignments/ass_system/rtl/fifo_mem.v' '/home/IC/assignments/ass_system/rtl/fifo_rd.v' '/home/IC/assignments/ass_system/rtl/fifo_wr.v' '/home/IC/assignments/ass_system/rtl/FSM_1.v' '/home/IC/assignments/ass_system/rtl/FSM_rx_1.v' '/home/IC/assignments/ass_system/rtl/MUX_1.v' '/home/IC/assignments/ass_system/rtl/PARITY_CALC_1.v' '/home/IC/assignments/ass_system/rtl/PARITY_CHECK_1.v' '/home/IC/assignments/ass_system/rtl/PULSE_GEN.v' '/home/IC/assignments/ass_system/rtl/REGISTER_FILE.v' '/home/IC/assignments/ass_system/rtl/RST_SYNC.v' '/home/IC/assignments/ass_system/rtl/SERIALIZER_1.v' '/home/IC/assignments/ass_system/rtl/START_CHECK_1.v' '/home/IC/assignments/ass_system/rtl/STOP_CHECK_1.v' '/home/IC/assignments/ass_system/rtl/UART_RX_TOP.v' '/home/IC/assignments/ass_system/rtl/UART_TOP.v' '/home/IC/assignments/ass_system/rtl/UART_TX_1.v' '/home/IC/assignments/ass_system/rtl/SYS_TOP.v' '/home/IC/assignments/ass_system/rtl/mux2X1.v' 
Detecting input file type automatically (-rtl or -netlist).
Reading with Presto HDL Compiler (equivalent to -rtl option).
Running PRESTO HDLC
Compiling source file /home/IC/assignments/ass_system/rtl/ALU_16B.v
Compiling source file /home/IC/assignments/ass_system/rtl/Async_fifo.v
Compiling source file /home/IC/assignments/ass_system/rtl/CLK_DIV.v
Compiling source file /home/IC/assignments/ass_system/rtl/CLK_GATE.v
Compiling source file /home/IC/assignments/ass_system/rtl/controller.v
Compiling source file /home/IC/assignments/ass_system/rtl/DATA_SAMPLING_1.v
Compiling source file /home/IC/assignments/ass_system/rtl/DATA_SYNC.v
Compiling source file /home/IC/assignments/ass_system/rtl/DESERIALIZER_1.v
Compiling source file /home/IC/assignments/ass_system/rtl/DF_Sync.v
Compiling source file /home/IC/assignments/ass_system/rtl/EDGE_BIT_COUNTER_1.v
Compiling source file /home/IC/assignments/ass_system/rtl/fifo_mem.v
Compiling source file /home/IC/assignments/ass_system/rtl/fifo_rd.v
Compiling source file /home/IC/assignments/ass_system/rtl/fifo_wr.v
Compiling source file /home/IC/assignments/ass_system/rtl/FSM_1.v
Compiling source file /home/IC/assignments/ass_system/rtl/FSM_rx_1.v
Compiling source file /home/IC/assignments/ass_system/rtl/MUX_1.v
Compiling source file /home/IC/assignments/ass_system/rtl/PARITY_CALC_1.v
Compiling source file /home/IC/assignments/ass_system/rtl/PARITY_CHECK_1.v
Compiling source file /home/IC/assignments/ass_system/rtl/PULSE_GEN.v
Compiling source file /home/IC/assignments/ass_system/rtl/REGISTER_FILE.v
Compiling source file /home/IC/assignments/ass_system/rtl/RST_SYNC.v
Compiling source file /home/IC/assignments/ass_system/rtl/SERIALIZER_1.v
Compiling source file /home/IC/assignments/ass_system/rtl/START_CHECK_1.v
Compiling source file /home/IC/assignments/ass_system/rtl/STOP_CHECK_1.v
Compiling source file /home/IC/assignments/ass_system/rtl/UART_RX_TOP.v
Compiling source file /home/IC/assignments/ass_system/rtl/UART_TOP.v
Compiling source file /home/IC/assignments/ass_system/rtl/UART_TX_1.v
Compiling source file /home/IC/assignments/ass_system/rtl/SYS_TOP.v
Warning:  /home/IC/assignments/ass_system/rtl/SYS_TOP.v:57: the undeclared symbol 'CLK_T' assumed to have the default net type, which is 'wire'. (VER-936)
Warning:  /home/IC/assignments/ass_system/rtl/SYS_TOP.v:58: the undeclared symbol 'CLK_R' assumed to have the default net type, which is 'wire'. (VER-936)
Warning:  /home/IC/assignments/ass_system/rtl/SYS_TOP.v:59: the undeclared symbol 'CLK_A' assumed to have the default net type, which is 'wire'. (VER-936)
Warning:  /home/IC/assignments/ass_system/rtl/SYS_TOP.v:61: the undeclared symbol 'RST_1' assumed to have the default net type, which is 'wire'. (VER-936)
Warning:  /home/IC/assignments/ass_system/rtl/SYS_TOP.v:62: the undeclared symbol 'RST_2' assumed to have the default net type, which is 'wire'. (VER-936)
Compiling source file /home/IC/assignments/ass_system/rtl/mux2X1.v

Statistics for case statements in always block at line 12 in file
	'/home/IC/assignments/ass_system/rtl/ALU_16B.v'
===============================================
|           Line           |  full/ parallel  |
===============================================
|            25            |    auto/auto     |
===============================================

Inferred memory devices in process
	in routine ALU_16B line 12 in file
		'/home/IC/assignments/ass_system/rtl/ALU_16B.v'.
===============================================================================
|    Register Name    |   Type    | Width | Bus | MB | AR | AS | SR | SS | ST |
===============================================================================
|     ALU_OUT_reg     | Flip-flop |   8   |  Y  | N  | Y  | N  | N  | N  | N  |
|    OUT_VALID_reg    | Flip-flop |   1   |  N  | N  | Y  | N  | N  | N  | N  |
===============================================================================

Inferred memory devices in process
	in routine CLK_DIV line 27 in file
		'/home/IC/assignments/ass_system/rtl/CLK_DIV.v'.
===============================================================================
|    Register Name    |   Type    | Width | Bus | MB | AR | AS | SR | SS | ST |
===============================================================================
|  odd_edge_tog_reg   | Flip-flop |   1   |  N  | N  | N  | Y  | N  | N  | N  |
|     div_clk_reg     | Flip-flop |   1   |  N  | N  | Y  | N  | N  | N  | N  |
|      count_reg      | Flip-flop |   7   |  Y  | N  | Y  | N  | N  | N  | N  |
===============================================================================

Inferred memory devices in process
	in routine CLK_GATE line 16 in file
		'/home/IC/assignments/ass_system/rtl/CLK_GATE.v'.
===========================================================================
|    Register Name    | Type  | Width | Bus | MB | AR | AS | SR | SS | ST |
===========================================================================
|    Latch_Out_reg    | Latch |   1   |  N  | N  | N  | N  | -  | -  | -  |
===========================================================================

Statistics for case statements in always block at line 68 in file
	'/home/IC/assignments/ass_system/rtl/controller.v'
===============================================
|           Line           |  full/ parallel  |
===============================================
|            70            |    auto/auto     |
===============================================

Statistics for case statements in always block at line 134 in file
	'/home/IC/assignments/ass_system/rtl/controller.v'
===============================================
|           Line           |  full/ parallel  |
===============================================
|           136            |    auto/auto     |
===============================================

Inferred memory devices in process
	in routine controller line 43 in file
		'/home/IC/assignments/ass_system/rtl/controller.v'.
===============================================================================
|    Register Name    |   Type    | Width | Bus | MB | AR | AS | SR | SS | ST |
===============================================================================
|    addr_hold_reg    | Flip-flop |   4   |  Y  | N  | Y  | N  | N  | N  | N  |
===============================================================================

Inferred memory devices in process
	in routine controller line 52 in file
		'/home/IC/assignments/ass_system/rtl/controller.v'.
================================================================================
|    Register Name     |   Type    | Width | Bus | MB | AR | AS | SR | SS | ST |
================================================================================
| data_valid_cntrl_reg | Flip-flop |   1   |  N  | N  | Y  | N  | N  | N  | N  |
================================================================================

Inferred memory devices in process
	in routine controller line 60 in file
		'/home/IC/assignments/ass_system/rtl/controller.v'.
===============================================================================
|    Register Name    |   Type    | Width | Bus | MB | AR | AS | SR | SS | ST |
===============================================================================
|  current_state_reg  | Flip-flop |   4   |  Y  | N  | Y  | N  | N  | N  | N  |
===============================================================================

Statistics for case statements in always block at line 57 in file
	'/home/IC/assignments/ass_system/rtl/DATA_SAMPLING_1.v'
===============================================
|           Line           |  full/ parallel  |
===============================================
|            67            |    auto/auto     |
===============================================

Inferred memory devices in process
	in routine data_sampling line 25 in file
		'/home/IC/assignments/ass_system/rtl/DATA_SAMPLING_1.v'.
===============================================================================
|    Register Name    |   Type    | Width | Bus | MB | AR | AS | SR | SS | ST |
===============================================================================
|     Samples_reg     | Flip-flop |   3   |  Y  | N  | Y  | N  | N  | N  | N  |
===============================================================================

Inferred memory devices in process
	in routine data_sampling line 57 in file
		'/home/IC/assignments/ass_system/rtl/DATA_SAMPLING_1.v'.
===============================================================================
|    Register Name    |   Type    | Width | Bus | MB | AR | AS | SR | SS | ST |
===============================================================================
|   sampled_bit_reg   | Flip-flop |   1   |  N  | N  | Y  | N  | N  | N  | N  |
===============================================================================

Inferred memory devices in process
	in routine DATA_SYNC line 17 in file
		'/home/IC/assignments/ass_system/rtl/DATA_SYNC.v'.
===============================================================================
|    Register Name    |   Type    | Width | Bus | MB | AR | AS | SR | SS | ST |
===============================================================================
|      chain_reg      | Flip-flop |   2   |  Y  | N  | Y  | N  | N  | N  | N  |
===============================================================================

Inferred memory devices in process
	in routine DATA_SYNC line 31 in file
		'/home/IC/assignments/ass_system/rtl/DATA_SYNC.v'.
===============================================================================
|    Register Name    |   Type    | Width | Bus | MB | AR | AS | SR | SS | ST |
===============================================================================
|   pulse_flop_reg    | Flip-flop |   1   |  N  | N  | Y  | N  | N  | N  | N  |
===============================================================================

Inferred memory devices in process
	in routine DATA_SYNC line 47 in file
		'/home/IC/assignments/ass_system/rtl/DATA_SYNC.v'.
===============================================================================
|    Register Name    |   Type    | Width | Bus | MB | AR | AS | SR | SS | ST |
===============================================================================
|    sync_bus_reg     | Flip-flop |   8   |  Y  | N  | Y  | N  | N  | N  | N  |
===============================================================================

Inferred memory devices in process
	in routine deserializer line 16 in file
		'/home/IC/assignments/ass_system/rtl/DESERIALIZER_1.v'.
===============================================================================
|    Register Name    |   Type    | Width | Bus | MB | AR | AS | SR | SS | ST |
===============================================================================
|     P_DATA_reg      | Flip-flop |   8   |  Y  | N  | Y  | N  | N  | N  | N  |
===============================================================================

Inferred memory devices in process
	in routine DF_Sync line 23 in file
		'/home/IC/assignments/ass_system/rtl/DF_Sync.v'.
===============================================================================
|    Register Name    |   Type    | Width | Bus | MB | AR | AS | SR | SS | ST |
===============================================================================
|    meta_flop_reg    | Flip-flop |   4   |  Y  | N  | Y  | N  | N  | N  | N  |
|     sync_op_reg     | Flip-flop |   4   |  Y  | N  | Y  | N  | N  | N  | N  |
===============================================================================

Inferred memory devices in process
	in routine edge_bit_counter line 17 in file
		'/home/IC/assignments/ass_system/rtl/EDGE_BIT_COUNTER_1.v'.
===============================================================================
|    Register Name    |   Type    | Width | Bus | MB | AR | AS | SR | SS | ST |
===============================================================================
|   edge_count_reg    | Flip-flop |   6   |  Y  | N  | Y  | N  | N  | N  | N  |
===============================================================================

Inferred memory devices in process
	in routine edge_bit_counter line 44 in file
		'/home/IC/assignments/ass_system/rtl/EDGE_BIT_COUNTER_1.v'.
===============================================================================
|    Register Name    |   Type    | Width | Bus | MB | AR | AS | SR | SS | ST |
===============================================================================
|    bit_count_reg    | Flip-flop |   4   |  Y  | N  | Y  | N  | N  | N  | N  |
===============================================================================

Inferred memory devices in process
	in routine fifo_mem line 26 in file
		'/home/IC/assignments/ass_system/rtl/fifo_mem.v'.
===============================================================================
|    Register Name    |   Type    | Width | Bus | MB | AR | AS | SR | SS | ST |
===============================================================================
|    FIFO_MEM_reg     | Flip-flop |  64   |  Y  | N  | Y  | N  | N  | N  | N  |
===============================================================================
Statistics for MUX_OPs
===========================================================
| block name/line  | Inputs | Outputs | # sel inputs | MB |
===========================================================
|   fifo_mem/38    |   8    |    8    |      3       | N  |
===========================================================

Inferred memory devices in process
	in routine fifo_rd line 31 in file
		'/home/IC/assignments/ass_system/rtl/fifo_rd.v'.
===============================================================================
|    Register Name    |   Type    | Width | Bus | MB | AR | AS | SR | SS | ST |
===============================================================================
|     rd_ptr_reg      | Flip-flop |   4   |  Y  | N  | Y  | N  | N  | N  | N  |
===============================================================================

Inferred memory devices in process
	in routine fifo_rd line 46 in file
		'/home/IC/assignments/ass_system/rtl/fifo_rd.v'.
===============================================================================
|    Register Name    |   Type    | Width | Bus | MB | AR | AS | SR | SS | ST |
===============================================================================
|   gray_rd_ptr_reg   | Flip-flop |   4   |  Y  | N  | Y  | N  | N  | N  | N  |
===============================================================================

Inferred memory devices in process
	in routine fifo_wr line 31 in file
		'/home/IC/assignments/ass_system/rtl/fifo_wr.v'.
===============================================================================
|    Register Name    |   Type    | Width | Bus | MB | AR | AS | SR | SS | ST |
===============================================================================
|      w_ptr_reg      | Flip-flop |   4   |  Y  | N  | Y  | N  | N  | N  | N  |
===============================================================================

Inferred memory devices in process
	in routine fifo_wr line 46 in file
		'/home/IC/assignments/ass_system/rtl/fifo_wr.v'.
===============================================================================
|    Register Name    |   Type    | Width | Bus | MB | AR | AS | SR | SS | ST |
===============================================================================
|   gray_w_ptr_reg    | Flip-flop |   4   |  Y  | N  | Y  | N  | N  | N  | N  |
===============================================================================

Statistics for case statements in always block at line 41 in file
	'/home/IC/assignments/ass_system/rtl/FSM_1.v'
===============================================
|           Line           |  full/ parallel  |
===============================================
|            44            |    auto/auto     |
===============================================

Statistics for case statements in always block at line 82 in file
	'/home/IC/assignments/ass_system/rtl/FSM_1.v'
===============================================
|           Line           |  full/ parallel  |
===============================================
|            84            |    auto/auto     |
===============================================

Inferred memory devices in process
	in routine FSM_1 line 28 in file
		'/home/IC/assignments/ass_system/rtl/FSM_1.v'.
===============================================================================
|    Register Name    |   Type    | Width | Bus | MB | AR | AS | SR | SS | ST |
===============================================================================
|  current_state_reg  | Flip-flop |   3   |  Y  | N  | Y  | N  | N  | N  | N  |
===============================================================================

Inferred memory devices in process
	in routine FSM_1 line 146 in file
		'/home/IC/assignments/ass_system/rtl/FSM_1.v'.
===============================================================================
|    Register Name    |   Type    | Width | Bus | MB | AR | AS | SR | SS | ST |
===============================================================================
|      BUSY_reg       | Flip-flop |   1   |  N  | N  | Y  | N  | N  | N  | N  |
===============================================================================

Statistics for case statements in always block at line 57 in file
	'/home/IC/assignments/ass_system/rtl/FSM_rx_1.v'
===============================================
|           Line           |  full/ parallel  |
===============================================
|            59            |    auto/auto     |
===============================================

Statistics for case statements in always block at line 148 in file
	'/home/IC/assignments/ass_system/rtl/FSM_rx_1.v'
===============================================
|           Line           |  full/ parallel  |
===============================================
|           157            |    auto/auto     |
===============================================

Inferred memory devices in process
	in routine uart_rx_fsm line 43 in file
		'/home/IC/assignments/ass_system/rtl/FSM_rx_1.v'.
===============================================================================
|    Register Name    |   Type    | Width | Bus | MB | AR | AS | SR | SS | ST |
===============================================================================
|  current_state_reg  | Flip-flop |   3   |  Y  | N  | Y  | N  | N  | N  | N  |
===============================================================================

Inferred memory devices in process
	in routine MUX_1 line 16 in file
		'/home/IC/assignments/ass_system/rtl/MUX_1.v'.
===============================================================================
|    Register Name    |   Type    | Width | Bus | MB | AR | AS | SR | SS | ST |
===============================================================================
|     TX_OUT_reg      | Flip-flop |   1   |  N  | N  | N  | Y  | N  | N  | N  |
===============================================================================

Statistics for case statements in always block at line 28 in file
	'/home/IC/assignments/ass_system/rtl/PARITY_CALC_1.v'
===============================================
|           Line           |  full/ parallel  |
===============================================
|            38            |    auto/auto     |
===============================================

Inferred memory devices in process
	in routine PARITY_CALC_1 line 15 in file
		'/home/IC/assignments/ass_system/rtl/PARITY_CALC_1.v'.
===============================================================================
|    Register Name    |   Type    | Width | Bus | MB | AR | AS | SR | SS | ST |
===============================================================================
|      DATA_reg       | Flip-flop |   8   |  Y  | N  | Y  | N  | N  | N  | N  |
===============================================================================

Inferred memory devices in process
	in routine PARITY_CALC_1 line 28 in file
		'/home/IC/assignments/ass_system/rtl/PARITY_CALC_1.v'.
===============================================================================
|    Register Name    |   Type    | Width | Bus | MB | AR | AS | SR | SS | ST |
===============================================================================
|     par_bit_reg     | Flip-flop |   1   |  N  | N  | Y  | N  | N  | N  | N  |
===============================================================================

Statistics for case statements in always block at line 18 in file
	'/home/IC/assignments/ass_system/rtl/PARITY_CHECK_1.v'
===============================================
|           Line           |  full/ parallel  |
===============================================
|            20            |    auto/auto     |
===============================================

Inferred memory devices in process
	in routine par_chk line 32 in file
		'/home/IC/assignments/ass_system/rtl/PARITY_CHECK_1.v'.
===============================================================================
|    Register Name    |   Type    | Width | Bus | MB | AR | AS | SR | SS | ST |
===============================================================================
|     par_err_reg     | Flip-flop |   1   |  N  | N  | Y  | N  | N  | N  | N  |
===============================================================================

Inferred memory devices in process
	in routine PULSE_GEN line 15 in file
		'/home/IC/assignments/ass_system/rtl/PULSE_GEN.v'.
===============================================================================
|    Register Name    |   Type    | Width | Bus | MB | AR | AS | SR | SS | ST |
===============================================================================
|    rcv_flop_reg     | Flip-flop |   1   |  N  | N  | Y  | N  | N  | N  | N  |
|    pls_flop_reg     | Flip-flop |   1   |  N  | N  | Y  | N  | N  | N  | N  |
===============================================================================

Inferred memory devices in process
	in routine REGISTER_FILE line 18 in file
		'/home/IC/assignments/ass_system/rtl/REGISTER_FILE.v'.
===============================================================================
|    Register Name    |   Type    | Width | Bus | MB | AR | AS | SR | SS | ST |
===============================================================================
|    Reg_File_reg     | Flip-flop |  125  |  Y  | N  | Y  | N  | N  | N  | N  |
|    Reg_File_reg     | Flip-flop |   3   |  Y  | N  | N  | Y  | N  | N  | N  |
|     RdData_reg      | Flip-flop |   8   |  Y  | N  | Y  | N  | N  | N  | N  |
|     d_valid_reg     | Flip-flop |   1   |  N  | N  | Y  | N  | N  | N  | N  |
===============================================================================
Statistics for MUX_OPs
===========================================================
| block name/line  | Inputs | Outputs | # sel inputs | MB |
===========================================================
| REGISTER_FILE/44 |   16   |    8    |      4       | N  |
===========================================================

Inferred memory devices in process
	in routine RST_SYNC line 10 in file
		'/home/IC/assignments/ass_system/rtl/RST_SYNC.v'.
===============================================================================
|    Register Name    |   Type    | Width | Bus | MB | AR | AS | SR | SS | ST |
===============================================================================
|     stages_reg      | Flip-flop |   2   |  Y  | N  | Y  | N  | N  | N  | N  |
===============================================================================

Inferred memory devices in process
	in routine SERIALIZER_1 line 60 in file
		'/home/IC/assignments/ass_system/rtl/SERIALIZER_1.v'.
===============================================================================
|    Register Name    |   Type    | Width | Bus | MB | AR | AS | SR | SS | ST |
===============================================================================
|    shift_reg_reg    | Flip-flop |   8   |  Y  | N  | Y  | N  | N  | N  | N  |
===============================================================================

Inferred memory devices in process
	in routine SERIALIZER_1 line 78 in file
		'/home/IC/assignments/ass_system/rtl/SERIALIZER_1.v'.
===============================================================================
|    Register Name    |   Type    | Width | Bus | MB | AR | AS | SR | SS | ST |
===============================================================================
|    bit_count_reg    | Flip-flop |   3   |  Y  | N  | Y  | N  | N  | N  | N  |
===============================================================================

Inferred memory devices in process
	in routine strt_chk line 13 in file
		'/home/IC/assignments/ass_system/rtl/START_CHECK_1.v'.
===============================================================================
|    Register Name    |   Type    | Width | Bus | MB | AR | AS | SR | SS | ST |
===============================================================================
|   strt_glitch_reg   | Flip-flop |   1   |  N  | N  | Y  | N  | N  | N  | N  |
===============================================================================

Inferred memory devices in process
	in routine stp_chk line 13 in file
		'/home/IC/assignments/ass_system/rtl/STOP_CHECK_1.v'.
===============================================================================
|    Register Name    |   Type    | Width | Bus | MB | AR | AS | SR | SS | ST |
===============================================================================
|     stp_err_reg     | Flip-flop |   1   |  N  | N  | Y  | N  | N  | N  | N  |
===============================================================================
Presto compilation completed successfully.
Current design is now '/home/IC/assignments/ass_system/rtl/ALU_16B.db:ALU_16B'
Loaded 29 designs.
Current design is 'ALU_16B'.
ALU_16B Async_fifo CLK_DIV CLK_GATE controller data_sampling DATA_SYNC deserializer DF_Sync edge_bit_counter fifo_mem fifo_rd fifo_wr FSM_1 uart_rx_fsm MUX_1 PARITY_CALC_1 par_chk PULSE_GEN REGISTER_FILE RST_SYNC SERIALIZER_1 strt_chk stp_chk UART_RX UART UART_TX_1 SYS_TOP mux2X1
###################### Defining toplevel ###################################
current_design $top_module
Current design is 'SYS_TOP'.
{SYS_TOP}
#################### Liniking All The Design Parts #########################
puts "###############################################"
###############################################
puts "######## Liniking All The Design Parts ########"
######## Liniking All The Design Parts ########
puts "###############################################"
###############################################
link 

  Linking design 'SYS_TOP'
  Using the following designs and libraries:
  --------------------------------------------------------------------------
  * (29 designs)              /home/IC/assignments/ass_system/rtl/SYS_TOP.db, etc
  scmetro_tsmc_cl013g_rvt_ss_1p08v_125c (library) /home/IC/tsmc_fb_cl013g_sc/aci/sc-m/synopsys/scmetro_tsmc_cl013g_rvt_ss_1p08v_125c.db
  scmetro_tsmc_cl013g_rvt_tt_1p2v_25c (library) /home/IC/tsmc_fb_cl013g_sc/aci/sc-m/synopsys/scmetro_tsmc_cl013g_rvt_tt_1p2v_25c.db
  scmetro_tsmc_cl013g_rvt_ff_1p32v_m40c (library) /home/IC/tsmc_fb_cl013g_sc/aci/sc-m/synopsys/scmetro_tsmc_cl013g_rvt_ff_1p32v_m40c.db

1
#################### Liniking All The Design Parts #########################
puts "###############################################"
###############################################
puts "######## checking design consistency ##########"
######## checking design consistency ##########
puts "###############################################"
###############################################
check_design
 
****************************************
check_design summary:
Version:     K-2015.06
Date:        Mon Sep 29 20:45:02 2025
****************************************

                   Name                                            Total
--------------------------------------------------------------------------------
Inputs/Outputs                                                      8
    Unconnected ports (LINT-28)                                     8

Cells                                                              30
    Cells do not drive (LINT-1)                                    19
    Connected to power or ground (LINT-32)                          8
    Nets connected to multiple pins on same cell (LINT-33)          3
--------------------------------------------------------------------------------

Warning: In design 'ALU_16B', cell 'C317' does not drive any nets. (LINT-1)
Warning: In design 'ALU_16B', cell 'C318' does not drive any nets. (LINT-1)
Warning: In design 'ALU_16B', cell 'C319' does not drive any nets. (LINT-1)
Warning: In design 'ALU_16B', cell 'C320' does not drive any nets. (LINT-1)
Warning: In design 'ALU_16B', cell 'C345' does not drive any nets. (LINT-1)
Warning: In design 'ALU_16B', cell 'C347' does not drive any nets. (LINT-1)
Warning: In design 'ALU_16B', cell 'C349' does not drive any nets. (LINT-1)
Warning: In design 'CLK_DIV', cell 'C120' does not drive any nets. (LINT-1)
Warning: In design 'fifo_wr', cell 'C62' does not drive any nets. (LINT-1)
Warning: In design 'fifo_rd', cell 'C59' does not drive any nets. (LINT-1)
Warning: In design 'SERIALIZER_1', cell 'C99' does not drive any nets. (LINT-1)
Warning: In design 'uart_rx_fsm', cell 'B_17' does not drive any nets. (LINT-1)
Warning: In design 'uart_rx_fsm', cell 'B_18' does not drive any nets. (LINT-1)
Warning: In design 'uart_rx_fsm', cell 'B_19' does not drive any nets. (LINT-1)
Warning: In design 'uart_rx_fsm', cell 'C282' does not drive any nets. (LINT-1)
Warning: In design 'edge_bit_counter', cell 'C101' does not drive any nets. (LINT-1)
Warning: In design 'edge_bit_counter', cell 'C108' does not drive any nets. (LINT-1)
Warning: In design 'data_sampling', cell 'C127' does not drive any nets. (LINT-1)
Warning: In design 'deserializer', cell 'B_0' does not drive any nets. (LINT-1)
Warning: In design 'SYS_TOP', port 'SE' is not connected to any nets. (LINT-28)
Warning: In design 'SYS_TOP', port 'SI[2]' is not connected to any nets. (LINT-28)
Warning: In design 'SYS_TOP', port 'SI[1]' is not connected to any nets. (LINT-28)
Warning: In design 'SYS_TOP', port 'SI[0]' is not connected to any nets. (LINT-28)
Warning: In design 'SYS_TOP', port 'SO[2]' is not connected to any nets. (LINT-28)
Warning: In design 'SYS_TOP', port 'SO[1]' is not connected to any nets. (LINT-28)
Warning: In design 'SYS_TOP', port 'SO[0]' is not connected to any nets. (LINT-28)
Warning: In design 'data_sampling', port 'Prescale[0]' is not connected to any nets. (LINT-28)
Warning: In design 'SYS_TOP', a pin on submodule 'clk_div_rx_dut' is connected to logic 1 or logic 0. (LINT-32)
   Pin 'i_div_ratio[7]' is connected to logic 0. 
Warning: In design 'SYS_TOP', a pin on submodule 'clk_div_rx_dut' is connected to logic 1 or logic 0. (LINT-32)
   Pin 'i_div_ratio[6]' is connected to logic 0. 
Warning: In design 'SYS_TOP', a pin on submodule 'clk_div_rx_dut' is connected to logic 1 or logic 0. (LINT-32)
   Pin 'i_div_ratio[5]' is connected to logic 0. 
Warning: In design 'SYS_TOP', a pin on submodule 'clk_div_rx_dut' is connected to logic 1 or logic 0. (LINT-32)
   Pin 'i_div_ratio[4]' is connected to logic 0. 
Warning: In design 'SYS_TOP', a pin on submodule 'clk_div_rx_dut' is connected to logic 1 or logic 0. (LINT-32)
   Pin 'i_div_ratio[3]' is connected to logic 0. 
Warning: In design 'SYS_TOP', a pin on submodule 'clk_div_rx_dut' is connected to logic 1 or logic 0. (LINT-32)
   Pin 'i_div_ratio[2]' is connected to logic 0. 
Warning: In design 'SYS_TOP', a pin on submodule 'clk_div_rx_dut' is connected to logic 1 or logic 0. (LINT-32)
   Pin 'i_div_ratio[1]' is connected to logic 0. 
Warning: In design 'SYS_TOP', a pin on submodule 'clk_div_rx_dut' is connected to logic 1 or logic 0. (LINT-32)
   Pin 'i_div_ratio[0]' is connected to logic 1. 
Warning: In design 'SYS_TOP', the same net is connected to more than one pin on submodule 'uart_dut'. (LINT-33)
   Net 'register_2[0]' is connected to pins 'PAR_EN_tb_top', 'par_en_top''.
Warning: In design 'SYS_TOP', the same net is connected to more than one pin on submodule 'uart_dut'. (LINT-33)
   Net 'register_2[1]' is connected to pins 'PAR_TYP_tb_top', 'par_typ_top''.
Warning: In design 'SYS_TOP', the same net is connected to more than one pin on submodule 'clk_div_rx_dut'. (LINT-33)
   Net '*Logic0*' is connected to pins 'i_div_ratio[7]', 'i_div_ratio[6]'', 'i_div_ratio[5]', 'i_div_ratio[4]', 'i_div_ratio[3]', 'i_div_ratio[2]', 'i_div_ratio[1]'.
1
#################### Define Design Constraints #########################
puts "###############################################"
###############################################
puts "############ Design Constraints #### ##########"
############ Design Constraints #### ##########
puts "###############################################"
###############################################
source ./cons.tcl
Warning: Design rule attributes from the driving cell will be
	set on the port. (UID-401)
Using operating conditions 'scmetro_tsmc_cl013g_rvt_ss_1p08v_125c' found in library 'scmetro_tsmc_cl013g_rvt_ss_1p08v_125c'.
Using operating conditions 'scmetro_tsmc_cl013g_rvt_ff_1p32v_m40c' found in library 'scmetro_tsmc_cl013g_rvt_ff_1p32v_m40c'.
1
###################### Mapping and optimization ########################
puts "###############################################"
###############################################
puts "########## Mapping & Optimization #############"
########## Mapping & Optimization #############
puts "###############################################"
###############################################
compile 
Information: Evaluating DesignWare library utilization. (UISN-27)

============================================================================
| DesignWare Building Block Library  |         Version         | Available |
============================================================================
| Basic DW Building Blocks           | K-2015.06-DWBB_201506.0 |     *     |
| Licensed DW Building Blocks        |                         |           |
============================================================================


Information: There are 38 potential problems in your design. Please run 'check_design' for more information. (LINT-99)


Warning: Operating condition scmetro_tsmc_cl013g_rvt_ss_1p08v_125c set on design SYS_TOP has different process,
voltage and temperatures parameters than the parameters at which target library 
scmetro_tsmc_cl013g_rvt_tt_1p2v_25c is characterized. Delays may be inaccurate as a result. (OPT-998)

  Beginning Pass 1 Mapping
  ------------------------
  Processing 'DF_Sync_0'
  Processing 'fifo_rd'
  Processing 'fifo_wr'
  Processing 'fifo_mem'
  Processing 'Async_fifo'
  Processing 'PULSE_GEN'
  Processing 'CLK_DIV_0'
  Processing 'CLK_GATE'
  Processing 'RST_SYNC_0'
  Processing 'REGISTER_FILE'
  Processing 'ALU_16B'
  Processing 'controller'
  Processing 'DATA_SYNC'
  Processing 'stp_chk'
  Processing 'par_chk'
  Processing 'strt_chk'
  Processing 'deserializer'
  Processing 'data_sampling'
  Processing 'edge_bit_counter'
  Processing 'uart_rx_fsm'
  Processing 'UART_RX'
  Processing 'MUX_1'
  Processing 'PARITY_CALC_1'
  Processing 'SERIALIZER_1'
  Processing 'FSM_1'
  Processing 'UART_TX_1'
  Processing 'UART'
  Processing 'SYS_TOP'

  Updating timing information
Information: Updating design information... (UID-85)

  Beginning Implementation Selection
  ----------------------------------
  Processing 'CLK_DIV_1_DW01_inc_0'
  Processing 'CLK_DIV_1_DW01_cmp6_0'
  Processing 'CLK_DIV_1_DW01_cmp6_1'
  Processing 'CLK_DIV_1_DW01_dec_0'
  Processing 'CLK_DIV_0_DW01_inc_0'
  Processing 'CLK_DIV_0_DW01_cmp6_0'
  Processing 'CLK_DIV_0_DW01_cmp6_1'
  Processing 'CLK_DIV_0_DW01_dec_0'
  Processing 'ALU_16B_DW_div_uns_0'
  Processing 'ALU_16B_DW01_sub_0'
  Processing 'ALU_16B_DW01_add_0'
  Processing 'ALU_16B_DW01_cmp6_0'
  Processing 'deserializer_DW01_cmp6_0'
  Processing 'deserializer_DW01_dec_0'
  Processing 'data_sampling_DW01_cmp6_0'
  Processing 'data_sampling_DW01_cmp6_1'
  Processing 'data_sampling_DW01_cmp6_2'
  Processing 'data_sampling_DW01_dec_0'
  Processing 'data_sampling_DW01_inc_0'
  Processing 'data_sampling_DW01_dec_1'
  Processing 'edge_bit_counter_DW01_inc_0'
  Processing 'edge_bit_counter_DW01_cmp6_0'
  Processing 'edge_bit_counter_DW01_dec_0'
  Processing 'uart_rx_fsm_DW01_cmp6_0'
  Processing 'uart_rx_fsm_DW01_sub_0'
  Processing 'uart_rx_fsm_DW01_cmp6_1'
  Processing 'uart_rx_fsm_DW01_dec_0'
  Processing 'ALU_16B_DW02_mult_0'
  Processing 'ALU_16B_DW01_add_1'

  Beginning Mapping Optimizations  (Medium effort)
  -------------------------------
  Mapping Optimization (Phase 1)

                                  TOTAL                                      
   ELAPSED            WORST NEG   SETUP    DESIGN                            
    TIME      AREA      SLACK     COST    RULE COST         ENDPOINT         
  --------- --------- --------- --------- --------- -------------------------
    0:00:17  717345.7      0.00       0.0      71.7                          
    0:00:18  717345.7      0.00       0.0      71.7                          
    0:00:18  717345.7      0.00       0.0      71.7                          
    0:00:18  717345.7      0.00       0.0      71.7                          
    0:00:18  717345.7      0.00       0.0      71.7                          
    0:00:21  694793.6      0.00       0.0      50.8                          
    0:00:22  694683.0      0.00       0.0      50.8                          
    0:00:22  694683.0      0.00       0.0      22.4                          
    0:00:23  694683.0      0.00       0.0      22.3                          
    0:00:23  694683.0      0.00       0.0      19.2                          
    0:00:23  694683.0      0.00       0.0      19.2                          
    0:00:23  694683.0      0.00       0.0      19.2                          
    0:00:23  694683.0      0.00       0.0      19.2                          
    0:00:23  694683.0      0.00       0.0      19.2                          
    0:00:23  696298.3      0.00       0.0       4.0                          
    0:00:23  696438.3      0.00       0.0       1.6                          
    0:00:23  696447.7      0.00       0.0       0.4                          
    0:00:23  696454.8      0.00       0.0       0.0                          
    0:00:23  696454.8      0.00       0.0       0.0                          
    0:00:23  696454.8      0.00       0.0       0.0                          
    0:00:23  696454.8      0.00       0.0       0.0                          



  Beginning Delay Optimization Phase
  ----------------------------------

                                  TOTAL                                      
   ELAPSED            WORST NEG   SETUP    DESIGN                            
    TIME      AREA      SLACK     COST    RULE COST         ENDPOINT         
  --------- --------- --------- --------- --------- -------------------------
    0:00:23  696454.8      0.00       0.0       0.0                          
    0:00:23  696454.8      0.00       0.0       0.0                          
    0:00:26  694465.3      0.00       0.0      41.0                          


  Beginning Design Rule Fixing  (max_transition)  (max_capacitance)
  ----------------------------

                                  TOTAL                                      
   ELAPSED            WORST NEG   SETUP    DESIGN                            
    TIME      AREA      SLACK     COST    RULE COST         ENDPOINT         
  --------- --------- --------- --------- --------- -------------------------
    0:00:26  694465.3      0.00       0.0      41.0                          
    0:00:27  698564.2      0.00       0.0       2.0 uart_dut/RX/U0_strt_chk/strt_glitch
    0:00:27  698575.9      0.00       0.0       0.0                          


  Beginning Area-Recovery Phase  (cleanup)
  -----------------------------

                                  TOTAL                                      
   ELAPSED            WORST NEG   SETUP    DESIGN                            
    TIME      AREA      SLACK     COST    RULE COST         ENDPOINT         
  --------- --------- --------- --------- --------- -------------------------
    0:00:27  698575.9      0.00       0.0       0.0                          
    0:00:27  698575.9      0.00       0.0       0.0                          
    0:00:28  694987.7      0.00       0.0       0.0                          
    0:00:28  693974.7      0.00       0.0       0.0                          
    0:00:28  693395.9      0.00       0.0       0.0                          
    0:00:28  693105.3      0.00       0.0       0.0                          
    0:00:28  692955.9      0.00       0.0       0.0                          
    0:00:28  692955.9      0.00       0.0       0.0                          
    0:00:28  692955.9      0.00       0.0       0.0                          
    0:00:29  692940.6      0.00       0.0       0.0                          
    0:00:29  692940.6      0.00       0.0       0.0                          
    0:00:29  692940.6      0.00       0.0       0.0                          
    0:00:29  692940.6      0.00       0.0       0.0                          
    0:00:29  692940.6      0.00       0.0       0.0                          
    0:00:29  692940.6      0.00       0.0       0.0                          
    0:00:29  692940.6      0.00       0.0       0.0                          
Loading db file '/home/IC/tsmc_fb_cl013g_sc/aci/sc-m/synopsys/scmetro_tsmc_cl013g_rvt_ss_1p08v_125c.db'
Loading db file '/home/IC/tsmc_fb_cl013g_sc/aci/sc-m/synopsys/scmetro_tsmc_cl013g_rvt_tt_1p2v_25c.db'
Loading db file '/home/IC/tsmc_fb_cl013g_sc/aci/sc-m/synopsys/scmetro_tsmc_cl013g_rvt_ff_1p32v_m40c.db'


Note: Symbol # after min delay cost means estimated hold TNS across all active scenarios 


  Optimization Complete
  ---------------------
1
set_svf -off
1
#############################################################################
# Write out files
#############################################################################
write_file -format verilog -hierarchy -output $top_module.ddc
Writing verilog file '/home/IC/assignments/ass_system/syn/SYS_TOP.ddc'.
Warning: Verilog 'assign' or 'tran' statements are written out. (VO-4)
Warning: Verilog writer has added 8 nets to module ALU_16B using SYNOPSYS_UNCONNECTED_ as prefix.  Please use the change_names command to make the correct changes before invoking the verilog writer.  (VO-11)
1
write_file -format verilog -hierarchy -output $top_module.v
Writing verilog file '/home/IC/assignments/ass_system/syn/SYS_TOP.v'.
Warning: Verilog 'assign' or 'tran' statements are written out. (VO-4)
Warning: Verilog writer has added 8 nets to module ALU_16B using SYNOPSYS_UNCONNECTED_ as prefix.  Please use the change_names command to make the correct changes before invoking the verilog writer.  (VO-11)
1
write_sdf  $top_module.sdf
Information: Annotated 'cell' delays are assumed to include load delay. (UID-282)
Information: Writing timing information to file '/home/IC/assignments/ass_system/syn/SYS_TOP.sdf'. (WT-3)
Information: Updating design information... (UID-85)
1
write_sdc  -nosplit $top_module.sdc
1
####################### reporting ##########################################
report_area -hierarchy > area.rpt
report_power -hierarchy > power.rpt
report_timing -delay_type min > hold.rpt
report_timing -delay_type max > setup.rpt
report_clock -attributes > clocks.rpt
report_constraint -all_violators -nosplit > constraints.rpt
################# starting graphical user interface #######################
#gui_start
#exit
dc_shell> 